{"/home/kiko/Hactiv8/Tugas/finalProject/passworder-server/app.js": {"path":"/home/kiko/Hactiv8/Tugas/finalProject/passworder-server/app.js","statementMap":{"0":{"start":{"line":1,"column":0},"end":{"line":2,"column":29}},"1":{"start":{"line":2,"column":2},"end":{"line":2,"column":29}},"2":{"start":{"line":3,"column":16},"end":{"line":3,"column":34}},"3":{"start":{"line":4,"column":12},"end":{"line":4,"column":21}},"4":{"start":{"line":5,"column":13},"end":{"line":5,"column":28}},"5":{"start":{"line":6,"column":15},"end":{"line":6,"column":34}},"6":{"start":{"line":8,"column":0},"end":{"line":8,"column":49}},"7":{"start":{"line":9,"column":0},"end":{"line":9,"column":24}},"8":{"start":{"line":10,"column":0},"end":{"line":10,"column":16}},"9":{"start":{"line":12,"column":0},"end":{"line":12,"column":16}},"10":{"start":{"line":14,"column":0},"end":{"line":14,"column":21}}},"fnMap":{},"branchMap":{"0":{"loc":{"start":{"line":1,"column":0},"end":{"line":2,"column":29}},"type":"if","locations":[{"start":{"line":1,"column":0},"end":{"line":2,"column":29}},{"start":{"line":1,"column":0},"end":{"line":2,"column":29}}],"line":1},"1":{"loc":{"start":{"line":1,"column":4},"end":{"line":1,"column":77}},"type":"binary-expr","locations":[{"start":{"line":1,"column":4},"end":{"line":1,"column":42}},{"start":{"line":1,"column":46},"end":{"line":1,"column":77}}],"line":1}},"s":{"0":2,"1":2,"2":2,"3":2,"4":2,"5":2,"6":2,"7":2,"8":2,"9":2,"10":2},"f":{},"b":{"0":[2,0],"1":[2,2]},"_coverageSchema":"1a1c01bbd47fc00a2c39e90264f33305004495a9","hash":"5f9c3186efa17d364b393714a6f6ee408c5735eb"}
,"/home/kiko/Hactiv8/Tugas/finalProject/passworder-server/controllers/otpController.js": {"path":"/home/kiko/Hactiv8/Tugas/finalProject/passworder-server/controllers/otpController.js","statementMap":{"0":{"start":{"line":1,"column":20},"end":{"line":1,"column":53}},"1":{"start":{"line":2,"column":17},"end":{"line":2,"column":37}},"2":{"start":{"line":3,"column":16},"end":{"line":3,"column":45}},"3":{"start":{"line":4,"column":14},"end":{"line":4,"column":32}},"4":{"start":{"line":5,"column":14},"end":{"line":5,"column":25}},"5":{"start":{"line":9,"column":23},"end":{"line":9,"column":33}},"6":{"start":{"line":10,"column":15},"end":{"line":10,"column":28}},"7":{"start":{"line":11,"column":16},"end":{"line":11,"column":29}},"8":{"start":{"line":12,"column":4},"end":{"line":27,"column":5}},"9":{"start":{"line":13,"column":30},"end":{"line":13,"column":53}},"10":{"start":{"line":14,"column":21},"end":{"line":14,"column":52}},"11":{"start":{"line":15,"column":6},"end":{"line":15,"column":41}},"12":{"start":{"line":16,"column":6},"end":{"line":16,"column":54}},"13":{"start":{"line":17,"column":6},"end":{"line":20,"column":17}},"14":{"start":{"line":18,"column":8},"end":{"line":18,"column":38}},"15":{"start":{"line":19,"column":8},"end":{"line":19,"column":51}},"16":{"start":{"line":21,"column":6},"end":{"line":24,"column":9}},"17":{"start":{"line":26,"column":6},"end":{"line":26,"column":16}},"18":{"start":{"line":31,"column":28},"end":{"line":31,"column":36}},"19":{"start":{"line":32,"column":4},"end":{"line":49,"column":5}},"20":{"start":{"line":33,"column":23},"end":{"line":33,"column":58}},"21":{"start":{"line":34,"column":6},"end":{"line":46,"column":7}},"22":{"start":{"line":35,"column":23},"end":{"line":35,"column":59}},"23":{"start":{"line":36,"column":8},"end":{"line":39,"column":11}},"24":{"start":{"line":41,"column":20},"end":{"line":44,"column":9}},"25":{"start":{"line":45,"column":8},"end":{"line":45,"column":18}},"26":{"start":{"line":48,"column":6},"end":{"line":48,"column":16}},"27":{"start":{"line":53,"column":0},"end":{"line":53,"column":31}}},"fnMap":{"0":{"name":"(anonymous_0)","decl":{"start":{"line":8,"column":2},"end":{"line":8,"column":3}},"loc":{"start":{"line":8,"column":38},"end":{"line":28,"column":3}},"line":8},"1":{"name":"(anonymous_1)","decl":{"start":{"line":17,"column":17},"end":{"line":17,"column":18}},"loc":{"start":{"line":17,"column":23},"end":{"line":20,"column":7}},"line":17},"2":{"name":"(anonymous_2)","decl":{"start":{"line":30,"column":2},"end":{"line":30,"column":3}},"loc":{"start":{"line":30,"column":42},"end":{"line":50,"column":3}},"line":30}},"branchMap":{"0":{"loc":{"start":{"line":34,"column":6},"end":{"line":46,"column":7}},"type":"if","locations":[{"start":{"line":34,"column":6},"end":{"line":46,"column":7}},{"start":{"line":34,"column":6},"end":{"line":46,"column":7}}],"line":34}},"s":{"0":2,"1":2,"2":2,"3":2,"4":2,"5":0,"6":0,"7":0,"8":0,"9":0,"10":0,"11":0,"12":0,"13":0,"14":0,"15":0,"16":0,"17":0,"18":0,"19":0,"20":0,"21":0,"22":0,"23":0,"24":0,"25":0,"26":0,"27":2},"f":{"0":0,"1":0,"2":0},"b":{"0":[0,0]},"_coverageSchema":"1a1c01bbd47fc00a2c39e90264f33305004495a9","hash":"06a0073d3b276d07d5ebd07d82a92d072add9266"}
,"/home/kiko/Hactiv8/Tugas/finalProject/passworder-server/controllers/passwordController.js": {"path":"/home/kiko/Hactiv8/Tugas/finalProject/passworder-server/controllers/passwordController.js","statementMap":{"0":{"start":{"line":1,"column":21},"end":{"line":1,"column":41}},"1":{"start":{"line":2,"column":12},"end":{"line":2,"column":35}},"2":{"start":{"line":3,"column":24},"end":{"line":3,"column":61}},"3":{"start":{"line":4,"column":14},"end":{"line":4,"column":32}},"4":{"start":{"line":5,"column":14},"end":{"line":5,"column":25}},"5":{"start":{"line":9,"column":24},"end":{"line":14,"column":5}},"6":{"start":{"line":15,"column":4},"end":{"line":29,"column":19}},"7":{"start":{"line":17,"column":21},"end":{"line":26,"column":9}},"8":{"start":{"line":27,"column":8},"end":{"line":27,"column":35}},"9":{"start":{"line":33,"column":19},"end":{"line":33,"column":32}},"10":{"start":{"line":34,"column":4},"end":{"line":57,"column":19}},"11":{"start":{"line":40,"column":8},"end":{"line":55,"column":9}},"12":{"start":{"line":41,"column":31},"end":{"line":48,"column":12}},"13":{"start":{"line":42,"column":12},"end":{"line":47,"column":14}},"14":{"start":{"line":49,"column":10},"end":{"line":49,"column":45}},"15":{"start":{"line":51,"column":22},"end":{"line":53,"column":11}},"16":{"start":{"line":54,"column":10},"end":{"line":54,"column":20}},"17":{"start":{"line":60,"column":17},"end":{"line":60,"column":35}},"18":{"start":{"line":61,"column":4},"end":{"line":90,"column":19}},"19":{"start":{"line":67,"column":8},"end":{"line":88,"column":9}},"20":{"start":{"line":68,"column":10},"end":{"line":83,"column":11}},"21":{"start":{"line":69,"column":61},"end":{"line":69,"column":67}},"22":{"start":{"line":70,"column":12},"end":{"line":76,"column":15}},"23":{"start":{"line":78,"column":24},"end":{"line":81,"column":13}},"24":{"start":{"line":82,"column":12},"end":{"line":82,"column":22}},"25":{"start":{"line":85,"column":10},"end":{"line":87,"column":13}},"26":{"start":{"line":93,"column":15},"end":{"line":93,"column":29}},"27":{"start":{"line":94,"column":4},"end":{"line":114,"column":19}},"28":{"start":{"line":96,"column":8},"end":{"line":112,"column":9}},"29":{"start":{"line":97,"column":49},"end":{"line":97,"column":57}},"30":{"start":{"line":98,"column":31},"end":{"line":98,"column":48}},"31":{"start":{"line":99,"column":10},"end":{"line":99,"column":51}},"32":{"start":{"line":100,"column":36},"end":{"line":100,"column":77}},"33":{"start":{"line":101,"column":10},"end":{"line":107,"column":13}},"34":{"start":{"line":109,"column":10},"end":{"line":111,"column":13}},"35":{"start":{"line":118,"column":15},"end":{"line":118,"column":28}},"36":{"start":{"line":119,"column":27},"end":{"line":124,"column":5}},"37":{"start":{"line":125,"column":4},"end":{"line":142,"column":19}},"38":{"start":{"line":131,"column":8},"end":{"line":140,"column":9}},"39":{"start":{"line":132,"column":22},"end":{"line":134,"column":11}},"40":{"start":{"line":135,"column":10},"end":{"line":135,"column":20}},"41":{"start":{"line":137,"column":10},"end":{"line":139,"column":13}},"42":{"start":{"line":146,"column":15},"end":{"line":146,"column":29}},"43":{"start":{"line":147,"column":4},"end":{"line":164,"column":19}},"44":{"start":{"line":153,"column":8},"end":{"line":162,"column":9}},"45":{"start":{"line":154,"column":22},"end":{"line":156,"column":11}},"46":{"start":{"line":157,"column":10},"end":{"line":157,"column":20}},"47":{"start":{"line":159,"column":10},"end":{"line":161,"column":13}},"48":{"start":{"line":168,"column":0},"end":{"line":168,"column":36}}},"fnMap":{"0":{"name":"(anonymous_0)","decl":{"start":{"line":8,"column":2},"end":{"line":8,"column":3}},"loc":{"start":{"line":8,"column":37},"end":{"line":30,"column":3}},"line":8},"1":{"name":"(anonymous_1)","decl":{"start":{"line":16,"column":12},"end":{"line":16,"column":13}},"loc":{"start":{"line":16,"column":24},"end":{"line":28,"column":7}},"line":16},"2":{"name":"(anonymous_2)","decl":{"start":{"line":32,"column":2},"end":{"line":32,"column":3}},"loc":{"start":{"line":32,"column":33},"end":{"line":58,"column":3}},"line":32},"3":{"name":"(anonymous_3)","decl":{"start":{"line":39,"column":12},"end":{"line":39,"column":13}},"loc":{"start":{"line":39,"column":25},"end":{"line":56,"column":7}},"line":39},"4":{"name":"(anonymous_4)","decl":{"start":{"line":41,"column":45},"end":{"line":41,"column":46}},"loc":{"start":{"line":41,"column":57},"end":{"line":48,"column":11}},"line":41},"5":{"name":"(anonymous_5)","decl":{"start":{"line":59,"column":2},"end":{"line":59,"column":3}},"loc":{"start":{"line":59,"column":36},"end":{"line":91,"column":3}},"line":59},"6":{"name":"(anonymous_6)","decl":{"start":{"line":66,"column":12},"end":{"line":66,"column":13}},"loc":{"start":{"line":66,"column":22},"end":{"line":89,"column":7}},"line":66},"7":{"name":"(anonymous_7)","decl":{"start":{"line":92,"column":2},"end":{"line":92,"column":3}},"loc":{"start":{"line":92,"column":34},"end":{"line":115,"column":3}},"line":92},"8":{"name":"(anonymous_8)","decl":{"start":{"line":95,"column":12},"end":{"line":95,"column":13}},"loc":{"start":{"line":95,"column":24},"end":{"line":113,"column":7}},"line":95},"9":{"name":"(anonymous_9)","decl":{"start":{"line":117,"column":2},"end":{"line":117,"column":3}},"loc":{"start":{"line":117,"column":32},"end":{"line":143,"column":3}},"line":117},"10":{"name":"(anonymous_10)","decl":{"start":{"line":130,"column":12},"end":{"line":130,"column":13}},"loc":{"start":{"line":130,"column":24},"end":{"line":141,"column":7}},"line":130},"11":{"name":"(anonymous_11)","decl":{"start":{"line":145,"column":2},"end":{"line":145,"column":3}},"loc":{"start":{"line":145,"column":32},"end":{"line":165,"column":3}},"line":145},"12":{"name":"(anonymous_12)","decl":{"start":{"line":152,"column":12},"end":{"line":152,"column":13}},"loc":{"start":{"line":152,"column":24},"end":{"line":163,"column":7}},"line":152}},"branchMap":{"0":{"loc":{"start":{"line":40,"column":8},"end":{"line":55,"column":9}},"type":"if","locations":[{"start":{"line":40,"column":8},"end":{"line":55,"column":9}},{"start":{"line":40,"column":8},"end":{"line":55,"column":9}}],"line":40},"1":{"loc":{"start":{"line":67,"column":8},"end":{"line":88,"column":9}},"type":"if","locations":[{"start":{"line":67,"column":8},"end":{"line":88,"column":9}},{"start":{"line":67,"column":8},"end":{"line":88,"column":9}}],"line":67},"2":{"loc":{"start":{"line":68,"column":10},"end":{"line":83,"column":11}},"type":"if","locations":[{"start":{"line":68,"column":10},"end":{"line":83,"column":11}},{"start":{"line":68,"column":10},"end":{"line":83,"column":11}}],"line":68},"3":{"loc":{"start":{"line":96,"column":8},"end":{"line":112,"column":9}},"type":"if","locations":[{"start":{"line":96,"column":8},"end":{"line":112,"column":9}},{"start":{"line":96,"column":8},"end":{"line":112,"column":9}}],"line":96},"4":{"loc":{"start":{"line":131,"column":8},"end":{"line":140,"column":9}},"type":"if","locations":[{"start":{"line":131,"column":8},"end":{"line":140,"column":9}},{"start":{"line":131,"column":8},"end":{"line":140,"column":9}}],"line":131},"5":{"loc":{"start":{"line":153,"column":8},"end":{"line":162,"column":9}},"type":"if","locations":[{"start":{"line":153,"column":8},"end":{"line":162,"column":9}},{"start":{"line":153,"column":8},"end":{"line":162,"column":9}}],"line":153}},"s":{"0":2,"1":2,"2":2,"3":2,"4":2,"5":6,"6":6,"7":1,"8":1,"9":2,"10":2,"11":2,"12":1,"13":1,"14":1,"15":1,"16":1,"17":3,"18":3,"19":3,"20":2,"21":1,"22":1,"23":1,"24":1,"25":1,"26":1,"27":1,"28":1,"29":1,"30":1,"31":1,"32":1,"33":1,"34":0,"35":6,"36":6,"37":6,"38":1,"39":0,"40":0,"41":1,"42":1,"43":1,"44":1,"45":0,"46":0,"47":1,"48":2},"f":{"0":6,"1":1,"2":2,"3":2,"4":1,"5":3,"6":3,"7":1,"8":1,"9":6,"10":1,"11":1,"12":1},"b":{"0":[1,1],"1":[2,1],"2":[1,1],"3":[1,0],"4":[0,1],"5":[0,1]},"_coverageSchema":"1a1c01bbd47fc00a2c39e90264f33305004495a9","hash":"8fc818d9770bf3e26d1a44d2e689f3482b0163dd"}
,"/home/kiko/Hactiv8/Tugas/finalProject/passworder-server/controllers/userController.js": {"path":"/home/kiko/Hactiv8/Tugas/finalProject/passworder-server/controllers/userController.js","statementMap":{"0":{"start":{"line":1,"column":17},"end":{"line":1,"column":37}},"1":{"start":{"line":2,"column":24},"end":{"line":2,"column":49}},"2":{"start":{"line":3,"column":28},"end":{"line":3,"column":56}},"3":{"start":{"line":7,"column":20},"end":{"line":12,"column":5}},"4":{"start":{"line":13,"column":4},"end":{"line":30,"column":19}},"5":{"start":{"line":15,"column":24},"end":{"line":17,"column":9}},"6":{"start":{"line":18,"column":22},"end":{"line":18,"column":42}},"7":{"start":{"line":19,"column":8},"end":{"line":28,"column":11}},"8":{"start":{"line":33,"column":4},"end":{"line":71,"column":19}},"9":{"start":{"line":39,"column":8},"end":{"line":69,"column":9}},"10":{"start":{"line":40,"column":24},"end":{"line":40,"column":73}},"11":{"start":{"line":41,"column":10},"end":{"line":62,"column":11}},"12":{"start":{"line":42,"column":28},"end":{"line":44,"column":13}},"13":{"start":{"line":45,"column":26},"end":{"line":45,"column":46}},"14":{"start":{"line":46,"column":12},"end":{"line":55,"column":15}},"15":{"start":{"line":57,"column":26},"end":{"line":60,"column":13}},"16":{"start":{"line":61,"column":12},"end":{"line":61,"column":24}},"17":{"start":{"line":64,"column":24},"end":{"line":67,"column":11}},"18":{"start":{"line":68,"column":10},"end":{"line":68,"column":22}},"19":{"start":{"line":75,"column":0},"end":{"line":75,"column":32}}},"fnMap":{"0":{"name":"(anonymous_0)","decl":{"start":{"line":6,"column":2},"end":{"line":6,"column":3}},"loc":{"start":{"line":6,"column":34},"end":{"line":31,"column":3}},"line":6},"1":{"name":"(anonymous_1)","decl":{"start":{"line":14,"column":12},"end":{"line":14,"column":13}},"loc":{"start":{"line":14,"column":20},"end":{"line":29,"column":7}},"line":14},"2":{"name":"(anonymous_2)","decl":{"start":{"line":32,"column":2},"end":{"line":32,"column":3}},"loc":{"start":{"line":32,"column":31},"end":{"line":72,"column":3}},"line":32},"3":{"name":"(anonymous_3)","decl":{"start":{"line":38,"column":12},"end":{"line":38,"column":13}},"loc":{"start":{"line":38,"column":20},"end":{"line":70,"column":7}},"line":38}},"branchMap":{"0":{"loc":{"start":{"line":39,"column":8},"end":{"line":69,"column":9}},"type":"if","locations":[{"start":{"line":39,"column":8},"end":{"line":69,"column":9}},{"start":{"line":39,"column":8},"end":{"line":69,"column":9}}],"line":39},"1":{"loc":{"start":{"line":41,"column":10},"end":{"line":62,"column":11}},"type":"if","locations":[{"start":{"line":41,"column":10},"end":{"line":62,"column":11}},{"start":{"line":41,"column":10},"end":{"line":62,"column":11}}],"line":41}},"s":{"0":2,"1":2,"2":2,"3":10,"4":10,"5":1,"6":1,"7":1,"8":2,"9":2,"10":1,"11":1,"12":1,"13":1,"14":1,"15":0,"16":0,"17":1,"18":1,"19":2},"f":{"0":10,"1":1,"2":2,"3":2},"b":{"0":[1,1],"1":[1,0]},"_coverageSchema":"1a1c01bbd47fc00a2c39e90264f33305004495a9","hash":"240e85022ea4977fa74d59d0894ba45e67219957"}
,"/home/kiko/Hactiv8/Tugas/finalProject/passworder-server/helpers/bcrypt.js": {"path":"/home/kiko/Hactiv8/Tugas/finalProject/passworder-server/helpers/bcrypt.js","statementMap":{"0":{"start":{"line":1,"column":15},"end":{"line":1,"column":34}},"1":{"start":{"line":3,"column":0},"end":{"line":11,"column":2}},"2":{"start":{"line":5,"column":17},"end":{"line":5,"column":54}},"3":{"start":{"line":6,"column":4},"end":{"line":6,"column":40}},"4":{"start":{"line":9,"column":4},"end":{"line":9,"column":51}}},"fnMap":{"0":{"name":"(anonymous_0)","decl":{"start":{"line":4,"column":2},"end":{"line":4,"column":3}},"loc":{"start":{"line":4,"column":22},"end":{"line":7,"column":3}},"line":4},"1":{"name":"(anonymous_1)","decl":{"start":{"line":8,"column":2},"end":{"line":8,"column":3}},"loc":{"start":{"line":8,"column":39},"end":{"line":10,"column":3}},"line":8}},"branchMap":{},"s":{"0":2,"1":2,"2":23,"3":23,"4":1},"f":{"0":23,"1":1},"b":{},"_coverageSchema":"1a1c01bbd47fc00a2c39e90264f33305004495a9","hash":"1e4c4302c72a3be52a3dcbb6ef98187ba885551f"}
,"/home/kiko/Hactiv8/Tugas/finalProject/passworder-server/helpers/generateOtp.js": {"path":"/home/kiko/Hactiv8/Tugas/finalProject/passworder-server/helpers/generateOtp.js","statementMap":{"0":{"start":{"line":1,"column":0},"end":{"line":9,"column":1}},"1":{"start":{"line":2,"column":12},"end":{"line":2,"column":14}},"2":{"start":{"line":3,"column":17},"end":{"line":3,"column":29}},"3":{"start":{"line":4,"column":14},"end":{"line":4,"column":29}},"4":{"start":{"line":5,"column":2},"end":{"line":7,"column":3}},"5":{"start":{"line":5,"column":15},"end":{"line":5,"column":16}},"6":{"start":{"line":6,"column":4},"end":{"line":6,"column":51}},"7":{"start":{"line":8,"column":2},"end":{"line":8,"column":12}}},"fnMap":{"0":{"name":"(anonymous_0)","decl":{"start":{"line":1,"column":17},"end":{"line":1,"column":18}},"loc":{"start":{"line":1,"column":23},"end":{"line":9,"column":1}},"line":1}},"branchMap":{},"s":{"0":2,"1":0,"2":0,"3":0,"4":0,"5":0,"6":0,"7":0},"f":{"0":0},"b":{},"_coverageSchema":"1a1c01bbd47fc00a2c39e90264f33305004495a9","hash":"8ff1f0bc4d7044976daa08214abc5e6c37da74e8"}
,"/home/kiko/Hactiv8/Tugas/finalProject/passworder-server/helpers/getRandomSecret.js": {"path":"/home/kiko/Hactiv8/Tugas/finalProject/passworder-server/helpers/getRandomSecret.js","statementMap":{"0":{"start":{"line":1,"column":0},"end":{"line":9,"column":1}},"1":{"start":{"line":2,"column":21},"end":{"line":2,"column":23}},"2":{"start":{"line":3,"column":15},"end":{"line":3,"column":53}},"3":{"start":{"line":4,"column":14},"end":{"line":4,"column":25}},"4":{"start":{"line":5,"column":2},"end":{"line":7,"column":3}},"5":{"start":{"line":5,"column":15},"end":{"line":5,"column":16}},"6":{"start":{"line":6,"column":4},"end":{"line":6,"column":58}},"7":{"start":{"line":8,"column":2},"end":{"line":8,"column":21}}},"fnMap":{"0":{"name":"(anonymous_0)","decl":{"start":{"line":1,"column":17},"end":{"line":1,"column":18}},"loc":{"start":{"line":1,"column":23},"end":{"line":9,"column":1}},"line":1}},"branchMap":{},"s":{"0":2,"1":1,"2":1,"3":1,"4":1,"5":1,"6":6,"7":1},"f":{"0":1},"b":{},"_coverageSchema":"1a1c01bbd47fc00a2c39e90264f33305004495a9","hash":"28407781c522f17563733d0c89e08f81e9e27f34"}
,"/home/kiko/Hactiv8/Tugas/finalProject/passworder-server/helpers/jwt.js": {"path":"/home/kiko/Hactiv8/Tugas/finalProject/passworder-server/helpers/jwt.js","statementMap":{"0":{"start":{"line":1,"column":12},"end":{"line":1,"column":35}},"1":{"start":{"line":3,"column":0},"end":{"line":7,"column":2}},"2":{"start":{"line":5,"column":4},"end":{"line":5,"column":47}}},"fnMap":{"0":{"name":"(anonymous_0)","decl":{"start":{"line":4,"column":15},"end":{"line":4,"column":16}},"loc":{"start":{"line":4,"column":24},"end":{"line":6,"column":3}},"line":4}},"branchMap":{},"s":{"0":2,"1":2,"2":12},"f":{"0":12},"b":{},"_coverageSchema":"1a1c01bbd47fc00a2c39e90264f33305004495a9","hash":"9c4eeb65b7f15dc04ca907eb339bbed894d4a472"}
,"/home/kiko/Hactiv8/Tugas/finalProject/passworder-server/helpers/sms_otp.js": {"path":"/home/kiko/Hactiv8/Tugas/finalProject/passworder-server/helpers/sms_otp.js","statementMap":{"0":{"start":{"line":2,"column":12},"end":{"line":2,"column":30}},"1":{"start":{"line":4,"column":0},"end":{"line":8,"column":3}},"2":{"start":{"line":10,"column":0},"end":{"line":23,"column":1}},"3":{"start":{"line":12,"column":17},"end":{"line":15,"column":3}},"4":{"start":{"line":18,"column":29},"end":{"line":18,"column":94}},"5":{"start":{"line":21,"column":2},"end":{"line":21,"column":27}}},"fnMap":{"0":{"name":"(anonymous_0)","decl":{"start":{"line":10,"column":30},"end":{"line":10,"column":31}},"loc":{"start":{"line":10,"column":46},"end":{"line":23,"column":1}},"line":10}},"branchMap":{"0":{"loc":{"start":{"line":13,"column":31},"end":{"line":13,"column":51}},"type":"cond-expr","locations":[{"start":{"line":13,"column":37},"end":{"line":13,"column":40}},{"start":{"line":13,"column":43},"end":{"line":13,"column":51}}],"line":13},"1":{"loc":{"start":{"line":14,"column":17},"end":{"line":14,"column":49}},"type":"cond-expr","locations":[{"start":{"line":14,"column":25},"end":{"line":14,"column":30}},{"start":{"line":14,"column":33},"end":{"line":14,"column":49}}],"line":14}},"s":{"0":2,"1":2,"2":2,"3":0,"4":0,"5":0},"f":{"0":0},"b":{"0":[0,0],"1":[0,0]},"_coverageSchema":"1a1c01bbd47fc00a2c39e90264f33305004495a9","hash":"c57060ef749ec833d7d93f7686806ca0c314aa2d"}
,"/home/kiko/Hactiv8/Tugas/finalProject/passworder-server/middlewares/authentication.js": {"path":"/home/kiko/Hactiv8/Tugas/finalProject/passworder-server/middlewares/authentication.js","statementMap":{"0":{"start":{"line":1,"column":12},"end":{"line":1,"column":35}},"1":{"start":{"line":2,"column":17},"end":{"line":2,"column":37}},"2":{"start":{"line":4,"column":0},"end":{"line":22,"column":2}},"3":{"start":{"line":6,"column":4},"end":{"line":20,"column":5}},"4":{"start":{"line":7,"column":22},"end":{"line":7,"column":71}},"5":{"start":{"line":8,"column":19},"end":{"line":8,"column":50}},"6":{"start":{"line":9,"column":6},"end":{"line":17,"column":7}},"7":{"start":{"line":10,"column":8},"end":{"line":10,"column":29}},"8":{"start":{"line":11,"column":8},"end":{"line":11,"column":15}},"9":{"start":{"line":13,"column":20},"end":{"line":15,"column":9}},"10":{"start":{"line":16,"column":8},"end":{"line":16,"column":18}},"11":{"start":{"line":19,"column":6},"end":{"line":19,"column":16}}},"fnMap":{"0":{"name":"(anonymous_0)","decl":{"start":{"line":5,"column":8},"end":{"line":5,"column":9}},"loc":{"start":{"line":5,"column":34},"end":{"line":21,"column":3}},"line":5}},"branchMap":{"0":{"loc":{"start":{"line":9,"column":6},"end":{"line":17,"column":7}},"type":"if","locations":[{"start":{"line":9,"column":6},"end":{"line":17,"column":7}},{"start":{"line":9,"column":6},"end":{"line":17,"column":7}}],"line":9}},"s":{"0":2,"1":2,"2":2,"3":30,"4":30,"5":25,"6":25,"7":25,"8":25,"9":0,"10":0,"11":5},"f":{"0":30},"b":{"0":[25,0]},"_coverageSchema":"1a1c01bbd47fc00a2c39e90264f33305004495a9","hash":"bbe20cc6abc31e28602bb463d983409df6b8b20d"}
,"/home/kiko/Hactiv8/Tugas/finalProject/passworder-server/middlewares/authorization.js": {"path":"/home/kiko/Hactiv8/Tugas/finalProject/passworder-server/middlewares/authorization.js","statementMap":{"0":{"start":{"line":1,"column":21},"end":{"line":1,"column":41}},"1":{"start":{"line":3,"column":0},"end":{"line":26,"column":2}},"2":{"start":{"line":5,"column":19},"end":{"line":5,"column":32}},"3":{"start":{"line":6,"column":19},"end":{"line":6,"column":32}},"4":{"start":{"line":7,"column":4},"end":{"line":24,"column":5}},"5":{"start":{"line":8,"column":23},"end":{"line":8,"column":54}},"6":{"start":{"line":9,"column":6},"end":{"line":21,"column":7}},"7":{"start":{"line":10,"column":8},"end":{"line":15,"column":13}},"8":{"start":{"line":10,"column":40},"end":{"line":10,"column":47}},"9":{"start":{"line":12,"column":10},"end":{"line":15,"column":13}},"10":{"start":{"line":17,"column":8},"end":{"line":20,"column":11}},"11":{"start":{"line":23,"column":6},"end":{"line":23,"column":16}}},"fnMap":{"0":{"name":"(anonymous_0)","decl":{"start":{"line":4,"column":17},"end":{"line":4,"column":18}},"loc":{"start":{"line":4,"column":43},"end":{"line":25,"column":3}},"line":4}},"branchMap":{"0":{"loc":{"start":{"line":9,"column":6},"end":{"line":21,"column":7}},"type":"if","locations":[{"start":{"line":9,"column":6},"end":{"line":21,"column":7}},{"start":{"line":9,"column":6},"end":{"line":21,"column":7}}],"line":9},"1":{"loc":{"start":{"line":10,"column":8},"end":{"line":15,"column":13}},"type":"if","locations":[{"start":{"line":10,"column":8},"end":{"line":15,"column":13}},{"start":{"line":10,"column":8},"end":{"line":15,"column":13}}],"line":10}},"s":{"0":2,"1":2,"2":14,"3":14,"4":14,"5":14,"6":14,"7":11,"8":8,"9":3,"10":3,"11":0},"f":{"0":14},"b":{"0":[11,3],"1":[8,3]},"_coverageSchema":"1a1c01bbd47fc00a2c39e90264f33305004495a9","hash":"983eb62ef8d94ae7b31a51ad2afad6d4002878bb"}
,"/home/kiko/Hactiv8/Tugas/finalProject/passworder-server/middlewares/errorHandler.js": {"path":"/home/kiko/Hactiv8/Tugas/finalProject/passworder-server/middlewares/errorHandler.js","statementMap":{"0":{"start":{"line":1,"column":0},"end":{"line":54,"column":2}},"1":{"start":{"line":2,"column":16},"end":{"line":2,"column":19}},"2":{"start":{"line":4,"column":2},"end":{"line":53,"column":3}},"3":{"start":{"line":5,"column":21},"end":{"line":5,"column":23}},"4":{"start":{"line":6,"column":4},"end":{"line":8,"column":5}},"5":{"start":{"line":6,"column":17},"end":{"line":6,"column":18}},"6":{"start":{"line":7,"column":6},"end":{"line":7,"column":45}},"7":{"start":{"line":9,"column":4},"end":{"line":11,"column":7}},"8":{"start":{"line":12,"column":9},"end":{"line":53,"column":3}},"9":{"start":{"line":13,"column":4},"end":{"line":15,"column":7}},"10":{"start":{"line":16,"column":9},"end":{"line":53,"column":3}},"11":{"start":{"line":17,"column":4},"end":{"line":20,"column":7}},"12":{"start":{"line":21,"column":9},"end":{"line":53,"column":3}},"13":{"start":{"line":22,"column":4},"end":{"line":24,"column":7}},"14":{"start":{"line":25,"column":9},"end":{"line":53,"column":3}},"15":{"start":{"line":26,"column":4},"end":{"line":28,"column":7}},"16":{"start":{"line":29,"column":9},"end":{"line":53,"column":3}},"17":{"start":{"line":30,"column":4},"end":{"line":32,"column":7}},"18":{"start":{"line":33,"column":9},"end":{"line":53,"column":3}},"19":{"start":{"line":34,"column":4},"end":{"line":36,"column":7}},"20":{"start":{"line":37,"column":9},"end":{"line":53,"column":3}},"21":{"start":{"line":41,"column":4},"end":{"line":43,"column":7}},"22":{"start":{"line":44,"column":9},"end":{"line":53,"column":3}},"23":{"start":{"line":45,"column":4},"end":{"line":47,"column":7}},"24":{"start":{"line":49,"column":4},"end":{"line":49,"column":21}},"25":{"start":{"line":50,"column":4},"end":{"line":52,"column":7}}},"fnMap":{"0":{"name":"(anonymous_0)","decl":{"start":{"line":1,"column":17},"end":{"line":1,"column":18}},"loc":{"start":{"line":1,"column":42},"end":{"line":54,"column":1}},"line":1}},"branchMap":{"0":{"loc":{"start":{"line":4,"column":2},"end":{"line":53,"column":3}},"type":"if","locations":[{"start":{"line":4,"column":2},"end":{"line":53,"column":3}},{"start":{"line":4,"column":2},"end":{"line":53,"column":3}}],"line":4},"1":{"loc":{"start":{"line":12,"column":9},"end":{"line":53,"column":3}},"type":"if","locations":[{"start":{"line":12,"column":9},"end":{"line":53,"column":3}},{"start":{"line":12,"column":9},"end":{"line":53,"column":3}}],"line":12},"2":{"loc":{"start":{"line":16,"column":9},"end":{"line":53,"column":3}},"type":"if","locations":[{"start":{"line":16,"column":9},"end":{"line":53,"column":3}},{"start":{"line":16,"column":9},"end":{"line":53,"column":3}}],"line":16},"3":{"loc":{"start":{"line":21,"column":9},"end":{"line":53,"column":3}},"type":"if","locations":[{"start":{"line":21,"column":9},"end":{"line":53,"column":3}},{"start":{"line":21,"column":9},"end":{"line":53,"column":3}}],"line":21},"4":{"loc":{"start":{"line":25,"column":9},"end":{"line":53,"column":3}},"type":"if","locations":[{"start":{"line":25,"column":9},"end":{"line":53,"column":3}},{"start":{"line":25,"column":9},"end":{"line":53,"column":3}}],"line":25},"5":{"loc":{"start":{"line":29,"column":9},"end":{"line":53,"column":3}},"type":"if","locations":[{"start":{"line":29,"column":9},"end":{"line":53,"column":3}},{"start":{"line":29,"column":9},"end":{"line":53,"column":3}}],"line":29},"6":{"loc":{"start":{"line":33,"column":9},"end":{"line":53,"column":3}},"type":"if","locations":[{"start":{"line":33,"column":9},"end":{"line":53,"column":3}},{"start":{"line":33,"column":9},"end":{"line":53,"column":3}}],"line":33},"7":{"loc":{"start":{"line":37,"column":9},"end":{"line":53,"column":3}},"type":"if","locations":[{"start":{"line":37,"column":9},"end":{"line":53,"column":3}},{"start":{"line":37,"column":9},"end":{"line":53,"column":3}}],"line":37},"8":{"loc":{"start":{"line":38,"column":4},"end":{"line":39,"column":33}},"type":"binary-expr","locations":[{"start":{"line":38,"column":4},"end":{"line":38,"column":38}},{"start":{"line":39,"column":4},"end":{"line":39,"column":33}}],"line":38},"9":{"loc":{"start":{"line":44,"column":9},"end":{"line":53,"column":3}},"type":"if","locations":[{"start":{"line":44,"column":9},"end":{"line":53,"column":3}},{"start":{"line":44,"column":9},"end":{"line":53,"column":3}}],"line":44}},"s":{"0":2,"1":34,"2":34,"3":19,"4":19,"5":19,"6":27,"7":19,"8":15,"9":0,"10":15,"11":1,"12":14,"13":2,"14":12,"15":3,"16":9,"17":4,"18":5,"19":0,"20":5,"21":5,"22":0,"23":0,"24":0,"25":0},"f":{"0":34},"b":{"0":[19,15],"1":[0,15],"2":[1,14],"3":[2,12],"4":[3,9],"5":[4,5],"6":[0,5],"7":[5,0],"8":[5,0],"9":[0,0]},"_coverageSchema":"1a1c01bbd47fc00a2c39e90264f33305004495a9","hash":"e5236802e6e10427df537224357c40e4b0959655"}
,"/home/kiko/Hactiv8/Tugas/finalProject/passworder-server/models/index.js": {"path":"/home/kiko/Hactiv8/Tugas/finalProject/passworder-server/models/index.js","statementMap":{"0":{"start":{"line":3,"column":11},"end":{"line":3,"column":24}},"1":{"start":{"line":4,"column":13},"end":{"line":4,"column":28}},"2":{"start":{"line":5,"column":18},"end":{"line":5,"column":38}},"3":{"start":{"line":6,"column":17},"end":{"line":6,"column":42}},"4":{"start":{"line":7,"column":12},"end":{"line":7,"column":49}},"5":{"start":{"line":8,"column":15},"end":{"line":8,"column":65}},"6":{"start":{"line":9,"column":11},"end":{"line":9,"column":13}},"7":{"start":{"line":12,"column":0},"end":{"line":24,"column":1}},"8":{"start":{"line":13,"column":2},"end":{"line":16,"column":5}},"9":{"start":{"line":18,"column":2},"end":{"line":23,"column":4}},"10":{"start":{"line":26,"column":0},"end":{"line":35,"column":5}},"11":{"start":{"line":28,"column":4},"end":{"line":30,"column":6}},"12":{"start":{"line":33,"column":18},"end":{"line":33,"column":65}},"13":{"start":{"line":34,"column":4},"end":{"line":34,"column":27}},"14":{"start":{"line":37,"column":0},"end":{"line":41,"column":3}},"15":{"start":{"line":38,"column":2},"end":{"line":40,"column":3}},"16":{"start":{"line":39,"column":4},"end":{"line":39,"column":32}},"17":{"start":{"line":43,"column":0},"end":{"line":43,"column":25}},"18":{"start":{"line":44,"column":0},"end":{"line":44,"column":25}},"19":{"start":{"line":46,"column":0},"end":{"line":46,"column":20}}},"fnMap":{"0":{"name":"(anonymous_0)","decl":{"start":{"line":27,"column":10},"end":{"line":27,"column":11}},"loc":{"start":{"line":27,"column":18},"end":{"line":31,"column":3}},"line":27},"1":{"name":"(anonymous_1)","decl":{"start":{"line":32,"column":11},"end":{"line":32,"column":12}},"loc":{"start":{"line":32,"column":19},"end":{"line":35,"column":3}},"line":32},"2":{"name":"(anonymous_2)","decl":{"start":{"line":37,"column":24},"end":{"line":37,"column":25}},"loc":{"start":{"line":37,"column":37},"end":{"line":41,"column":1}},"line":37}},"branchMap":{"0":{"loc":{"start":{"line":7,"column":12},"end":{"line":7,"column":49}},"type":"binary-expr","locations":[{"start":{"line":7,"column":12},"end":{"line":7,"column":32}},{"start":{"line":7,"column":36},"end":{"line":7,"column":49}}],"line":7},"1":{"loc":{"start":{"line":12,"column":0},"end":{"line":24,"column":1}},"type":"if","locations":[{"start":{"line":12,"column":0},"end":{"line":24,"column":1}},{"start":{"line":12,"column":0},"end":{"line":24,"column":1}}],"line":12},"2":{"loc":{"start":{"line":29,"column":6},"end":{"line":29,"column":78}},"type":"binary-expr","locations":[{"start":{"line":29,"column":6},"end":{"line":29,"column":29}},{"start":{"line":29,"column":33},"end":{"line":29,"column":50}},{"start":{"line":29,"column":54},"end":{"line":29,"column":78}}],"line":29},"3":{"loc":{"start":{"line":38,"column":2},"end":{"line":40,"column":3}},"type":"if","locations":[{"start":{"line":38,"column":2},"end":{"line":40,"column":3}},{"start":{"line":38,"column":2},"end":{"line":40,"column":3}}],"line":38}},"s":{"0":2,"1":2,"2":2,"3":2,"4":2,"5":2,"6":2,"7":2,"8":0,"9":2,"10":2,"11":6,"12":4,"13":4,"14":2,"15":4,"16":4,"17":2,"18":2,"19":2},"f":{"0":6,"1":4,"2":4},"b":{"0":[2,0],"1":[0,2],"2":[6,6,4],"3":[4,0]},"_coverageSchema":"1a1c01bbd47fc00a2c39e90264f33305004495a9","hash":"21cb640ee55cc7916137aed4acddfaa5f5ad1cea"}
,"/home/kiko/Hactiv8/Tugas/finalProject/passworder-server/models/password.js": {"path":"/home/kiko/Hactiv8/Tugas/finalProject/passworder-server/models/password.js","statementMap":{"0":{"start":{"line":2,"column":0},"end":{"line":52,"column":2}},"1":{"start":{"line":4,"column":2},"end":{"line":46,"column":4}},"2":{"start":{"line":47,"column":2},"end":{"line":50,"column":4}},"3":{"start":{"line":49,"column":4},"end":{"line":49,"column":36}},"4":{"start":{"line":51,"column":2},"end":{"line":51,"column":18}}},"fnMap":{"0":{"name":"(anonymous_0)","decl":{"start":{"line":2,"column":17},"end":{"line":2,"column":18}},"loc":{"start":{"line":2,"column":43},"end":{"line":52,"column":1}},"line":2},"1":{"name":"(anonymous_1)","decl":{"start":{"line":47,"column":23},"end":{"line":47,"column":24}},"loc":{"start":{"line":47,"column":40},"end":{"line":50,"column":3}},"line":47}},"branchMap":{},"s":{"0":2,"1":2,"2":2,"3":2,"4":2},"f":{"0":2,"1":2},"b":{},"_coverageSchema":"1a1c01bbd47fc00a2c39e90264f33305004495a9","hash":"adfd9084670338deff9b16b4475da9db1a0e53c7"}
,"/home/kiko/Hactiv8/Tugas/finalProject/passworder-server/models/user.js": {"path":"/home/kiko/Hactiv8/Tugas/finalProject/passworder-server/models/user.js","statementMap":{"0":{"start":{"line":2,"column":25},"end":{"line":2,"column":53}},"1":{"start":{"line":3,"column":0},"end":{"line":104,"column":2}},"2":{"start":{"line":5,"column":2},"end":{"line":98,"column":4}},"3":{"start":{"line":19,"column":12},"end":{"line":31,"column":27}},"4":{"start":{"line":25,"column":16},"end":{"line":29,"column":17}},"5":{"start":{"line":26,"column":18},"end":{"line":26,"column":51}},"6":{"start":{"line":28,"column":18},"end":{"line":28,"column":25}},"7":{"start":{"line":47,"column":12},"end":{"line":59,"column":27}},"8":{"start":{"line":53,"column":16},"end":{"line":57,"column":17}},"9":{"start":{"line":54,"column":18},"end":{"line":54,"column":48}},"10":{"start":{"line":56,"column":18},"end":{"line":56,"column":25}},"11":{"start":{"line":94,"column":10},"end":{"line":94,"column":54}},"12":{"start":{"line":99,"column":2},"end":{"line":102,"column":4}},"13":{"start":{"line":101,"column":4},"end":{"line":101,"column":34}},"14":{"start":{"line":103,"column":2},"end":{"line":103,"column":14}}},"fnMap":{"0":{"name":"(anonymous_0)","decl":{"start":{"line":3,"column":17},"end":{"line":3,"column":18}},"loc":{"start":{"line":3,"column":43},"end":{"line":104,"column":1}},"line":3},"1":{"name":"(anonymous_1)","decl":{"start":{"line":18,"column":20},"end":{"line":18,"column":21}},"loc":{"start":{"line":18,"column":37},"end":{"line":32,"column":11}},"line":18},"2":{"name":"(anonymous_2)","decl":{"start":{"line":24,"column":20},"end":{"line":24,"column":21}},"loc":{"start":{"line":24,"column":32},"end":{"line":30,"column":15}},"line":24},"3":{"name":"(anonymous_3)","decl":{"start":{"line":46,"column":20},"end":{"line":46,"column":21}},"loc":{"start":{"line":46,"column":37},"end":{"line":60,"column":11}},"line":46},"4":{"name":"(anonymous_4)","decl":{"start":{"line":52,"column":20},"end":{"line":52,"column":21}},"loc":{"start":{"line":52,"column":32},"end":{"line":58,"column":15}},"line":52},"5":{"name":"(anonymous_5)","decl":{"start":{"line":93,"column":22},"end":{"line":93,"column":23}},"loc":{"start":{"line":93,"column":41},"end":{"line":95,"column":9}},"line":93},"6":{"name":"(anonymous_6)","decl":{"start":{"line":99,"column":19},"end":{"line":99,"column":20}},"loc":{"start":{"line":99,"column":36},"end":{"line":102,"column":3}},"line":99}},"branchMap":{"0":{"loc":{"start":{"line":25,"column":16},"end":{"line":29,"column":17}},"type":"if","locations":[{"start":{"line":25,"column":16},"end":{"line":29,"column":17}},{"start":{"line":25,"column":16},"end":{"line":29,"column":17}}],"line":25},"1":{"loc":{"start":{"line":53,"column":16},"end":{"line":57,"column":17}},"type":"if","locations":[{"start":{"line":53,"column":16},"end":{"line":57,"column":17}},{"start":{"line":53,"column":16},"end":{"line":57,"column":17}}],"line":53}},"s":{"0":2,"1":2,"2":2,"3":32,"4":32,"5":0,"6":32,"7":32,"8":32,"9":1,"10":31,"11":23,"12":2,"13":2,"14":2},"f":{"0":2,"1":32,"2":32,"3":32,"4":32,"5":23,"6":2},"b":{"0":[0,32],"1":[1,31]},"_coverageSchema":"1a1c01bbd47fc00a2c39e90264f33305004495a9","hash":"0416f373fde829b8fde3e4bbda43709d8ac2aadb"}
,"/home/kiko/Hactiv8/Tugas/finalProject/passworder-server/routes/index.js": {"path":"/home/kiko/Hactiv8/Tugas/finalProject/passworder-server/routes/index.js","statementMap":{"0":{"start":{"line":1,"column":15},"end":{"line":1,"column":42}},"1":{"start":{"line":2,"column":19},"end":{"line":2,"column":42}},"2":{"start":{"line":3,"column":23},"end":{"line":3,"column":50}},"3":{"start":{"line":4,"column":18},"end":{"line":4,"column":40}},"4":{"start":{"line":5,"column":17},"end":{"line":5,"column":57}},"5":{"start":{"line":6,"column":21},"end":{"line":6,"column":59}},"6":{"start":{"line":8,"column":0},"end":{"line":8,"column":32}},"7":{"start":{"line":9,"column":0},"end":{"line":9,"column":17}},"8":{"start":{"line":10,"column":0},"end":{"line":10,"column":41}},"9":{"start":{"line":11,"column":0},"end":{"line":11,"column":30}},"10":{"start":{"line":12,"column":0},"end":{"line":12,"column":25}},"11":{"start":{"line":14,"column":0},"end":{"line":14,"column":24}}},"fnMap":{},"branchMap":{},"s":{"0":2,"1":2,"2":2,"3":2,"4":2,"5":2,"6":2,"7":2,"8":2,"9":2,"10":2,"11":2},"f":{},"b":{},"_coverageSchema":"1a1c01bbd47fc00a2c39e90264f33305004495a9","hash":"74396ce5973615194459c705f75c168994fe7e6d"}
,"/home/kiko/Hactiv8/Tugas/finalProject/passworder-server/routes/otpRouter.js": {"path":"/home/kiko/Hactiv8/Tugas/finalProject/passworder-server/routes/otpRouter.js","statementMap":{"0":{"start":{"line":1,"column":15},"end":{"line":1,"column":42}},"1":{"start":{"line":2,"column":22},"end":{"line":2,"column":61}},"2":{"start":{"line":4,"column":0},"end":{"line":4,"column":45}},"3":{"start":{"line":5,"column":0},"end":{"line":5,"column":43}},"4":{"start":{"line":7,"column":0},"end":{"line":7,"column":24}}},"fnMap":{},"branchMap":{},"s":{"0":2,"1":2,"2":2,"3":2,"4":2},"f":{},"b":{},"_coverageSchema":"1a1c01bbd47fc00a2c39e90264f33305004495a9","hash":"6eb825cb91eed7ea15d0e09b3f65f14b799be605"}
,"/home/kiko/Hactiv8/Tugas/finalProject/passworder-server/routes/passwordRouter.js": {"path":"/home/kiko/Hactiv8/Tugas/finalProject/passworder-server/routes/passwordRouter.js","statementMap":{"0":{"start":{"line":1,"column":15},"end":{"line":1,"column":42}},"1":{"start":{"line":2,"column":27},"end":{"line":2,"column":71}},"2":{"start":{"line":3,"column":26},"end":{"line":3,"column":65}},"3":{"start":{"line":5,"column":0},"end":{"line":5,"column":49}},"4":{"start":{"line":6,"column":0},"end":{"line":6,"column":44}},"5":{"start":{"line":7,"column":0},"end":{"line":7,"column":60}},"6":{"start":{"line":8,"column":0},"end":{"line":8,"column":34}},"7":{"start":{"line":9,"column":0},"end":{"line":9,"column":48}},"8":{"start":{"line":10,"column":0},"end":{"line":10,"column":46}},"9":{"start":{"line":11,"column":0},"end":{"line":11,"column":49}},"10":{"start":{"line":13,"column":0},"end":{"line":13,"column":24}}},"fnMap":{},"branchMap":{},"s":{"0":2,"1":2,"2":2,"3":2,"4":2,"5":2,"6":2,"7":2,"8":2,"9":2,"10":2},"f":{},"b":{},"_coverageSchema":"1a1c01bbd47fc00a2c39e90264f33305004495a9","hash":"09b4bd0c53821c8aff4e0156efc9f573984a16b5"}
,"/home/kiko/Hactiv8/Tugas/finalProject/passworder-server/routes/userRouter.js": {"path":"/home/kiko/Hactiv8/Tugas/finalProject/passworder-server/routes/userRouter.js","statementMap":{"0":{"start":{"line":1,"column":15},"end":{"line":1,"column":42}},"1":{"start":{"line":2,"column":23},"end":{"line":2,"column":63}},"2":{"start":{"line":4,"column":0},"end":{"line":4,"column":50}},"3":{"start":{"line":5,"column":0},"end":{"line":5,"column":44}},"4":{"start":{"line":7,"column":0},"end":{"line":7,"column":24}}},"fnMap":{},"branchMap":{},"s":{"0":2,"1":2,"2":2,"3":2,"4":2},"f":{},"b":{},"_coverageSchema":"1a1c01bbd47fc00a2c39e90264f33305004495a9","hash":"1cca4946bd4081df224f22b2e7c825af1f4621da"}
}
