{"/home/kiko/Hactiv8/Tugas/finalProject/passworder-server/app.js": {"path":"/home/kiko/Hactiv8/Tugas/finalProject/passworder-server/app.js","statementMap":{"0":{"start":{"line":1,"column":0},"end":{"line":2,"column":29}},"1":{"start":{"line":2,"column":2},"end":{"line":2,"column":29}},"2":{"start":{"line":3,"column":16},"end":{"line":3,"column":34}},"3":{"start":{"line":4,"column":12},"end":{"line":4,"column":21}},"4":{"start":{"line":5,"column":13},"end":{"line":5,"column":28}},"5":{"start":{"line":6,"column":15},"end":{"line":6,"column":34}},"6":{"start":{"line":8,"column":0},"end":{"line":8,"column":49}},"7":{"start":{"line":9,"column":0},"end":{"line":9,"column":24}},"8":{"start":{"line":10,"column":0},"end":{"line":10,"column":16}},"9":{"start":{"line":12,"column":0},"end":{"line":12,"column":16}},"10":{"start":{"line":14,"column":0},"end":{"line":14,"column":21}}},"fnMap":{},"branchMap":{"0":{"loc":{"start":{"line":1,"column":0},"end":{"line":2,"column":29}},"type":"if","locations":[{"start":{"line":1,"column":0},"end":{"line":2,"column":29}},{"start":{"line":1,"column":0},"end":{"line":2,"column":29}}],"line":1},"1":{"loc":{"start":{"line":1,"column":4},"end":{"line":1,"column":77}},"type":"binary-expr","locations":[{"start":{"line":1,"column":4},"end":{"line":1,"column":42}},{"start":{"line":1,"column":46},"end":{"line":1,"column":77}}],"line":1}},"s":{"0":1,"1":1,"2":1,"3":1,"4":1,"5":1,"6":1,"7":1,"8":1,"9":1,"10":1},"f":{},"b":{"0":[1,0],"1":[1,1]},"_coverageSchema":"1a1c01bbd47fc00a2c39e90264f33305004495a9","hash":"5f9c3186efa17d364b393714a6f6ee408c5735eb"}
,"/home/kiko/Hactiv8/Tugas/finalProject/passworder-server/controllers/otpController.js": {"path":"/home/kiko/Hactiv8/Tugas/finalProject/passworder-server/controllers/otpController.js","statementMap":{"0":{"start":{"line":1,"column":20},"end":{"line":1,"column":53}},"1":{"start":{"line":2,"column":17},"end":{"line":2,"column":37}},"2":{"start":{"line":3,"column":16},"end":{"line":3,"column":45}},"3":{"start":{"line":4,"column":14},"end":{"line":4,"column":32}},"4":{"start":{"line":5,"column":14},"end":{"line":5,"column":25}},"5":{"start":{"line":9,"column":23},"end":{"line":9,"column":33}},"6":{"start":{"line":10,"column":15},"end":{"line":10,"column":28}},"7":{"start":{"line":11,"column":16},"end":{"line":11,"column":29}},"8":{"start":{"line":12,"column":4},"end":{"line":27,"column":5}},"9":{"start":{"line":13,"column":30},"end":{"line":13,"column":53}},"10":{"start":{"line":14,"column":21},"end":{"line":14,"column":52}},"11":{"start":{"line":15,"column":6},"end":{"line":15,"column":41}},"12":{"start":{"line":16,"column":6},"end":{"line":16,"column":54}},"13":{"start":{"line":17,"column":6},"end":{"line":20,"column":17}},"14":{"start":{"line":18,"column":8},"end":{"line":18,"column":38}},"15":{"start":{"line":19,"column":8},"end":{"line":19,"column":51}},"16":{"start":{"line":21,"column":6},"end":{"line":24,"column":9}},"17":{"start":{"line":26,"column":6},"end":{"line":26,"column":16}},"18":{"start":{"line":31,"column":28},"end":{"line":31,"column":36}},"19":{"start":{"line":32,"column":4},"end":{"line":49,"column":5}},"20":{"start":{"line":33,"column":23},"end":{"line":33,"column":58}},"21":{"start":{"line":34,"column":6},"end":{"line":46,"column":7}},"22":{"start":{"line":35,"column":23},"end":{"line":35,"column":59}},"23":{"start":{"line":36,"column":8},"end":{"line":39,"column":11}},"24":{"start":{"line":41,"column":20},"end":{"line":44,"column":9}},"25":{"start":{"line":45,"column":8},"end":{"line":45,"column":18}},"26":{"start":{"line":48,"column":6},"end":{"line":48,"column":16}},"27":{"start":{"line":53,"column":0},"end":{"line":53,"column":31}}},"fnMap":{"0":{"name":"(anonymous_0)","decl":{"start":{"line":8,"column":2},"end":{"line":8,"column":3}},"loc":{"start":{"line":8,"column":38},"end":{"line":28,"column":3}},"line":8},"1":{"name":"(anonymous_1)","decl":{"start":{"line":17,"column":17},"end":{"line":17,"column":18}},"loc":{"start":{"line":17,"column":23},"end":{"line":20,"column":7}},"line":17},"2":{"name":"(anonymous_2)","decl":{"start":{"line":30,"column":2},"end":{"line":30,"column":3}},"loc":{"start":{"line":30,"column":42},"end":{"line":50,"column":3}},"line":30}},"branchMap":{"0":{"loc":{"start":{"line":34,"column":6},"end":{"line":46,"column":7}},"type":"if","locations":[{"start":{"line":34,"column":6},"end":{"line":46,"column":7}},{"start":{"line":34,"column":6},"end":{"line":46,"column":7}}],"line":34}},"s":{"0":1,"1":1,"2":1,"3":1,"4":1,"5":0,"6":0,"7":0,"8":0,"9":0,"10":0,"11":0,"12":0,"13":0,"14":0,"15":0,"16":0,"17":0,"18":0,"19":0,"20":0,"21":0,"22":0,"23":0,"24":0,"25":0,"26":0,"27":1},"f":{"0":0,"1":0,"2":0},"b":{"0":[0,0]},"_coverageSchema":"1a1c01bbd47fc00a2c39e90264f33305004495a9","hash":"06a0073d3b276d07d5ebd07d82a92d072add9266"}
,"/home/kiko/Hactiv8/Tugas/finalProject/passworder-server/controllers/passwordController.js": {"path":"/home/kiko/Hactiv8/Tugas/finalProject/passworder-server/controllers/passwordController.js","statementMap":{"0":{"start":{"line":1,"column":21},"end":{"line":1,"column":41}},"1":{"start":{"line":2,"column":12},"end":{"line":2,"column":35}},"2":{"start":{"line":3,"column":24},"end":{"line":3,"column":61}},"3":{"start":{"line":4,"column":14},"end":{"line":4,"column":32}},"4":{"start":{"line":5,"column":14},"end":{"line":5,"column":25}},"5":{"start":{"line":9,"column":24},"end":{"line":14,"column":5}},"6":{"start":{"line":15,"column":4},"end":{"line":29,"column":19}},"7":{"start":{"line":17,"column":21},"end":{"line":26,"column":9}},"8":{"start":{"line":27,"column":8},"end":{"line":27,"column":35}},"9":{"start":{"line":32,"column":19},"end":{"line":32,"column":32}},"10":{"start":{"line":33,"column":4},"end":{"line":56,"column":19}},"11":{"start":{"line":39,"column":8},"end":{"line":54,"column":9}},"12":{"start":{"line":40,"column":31},"end":{"line":47,"column":12}},"13":{"start":{"line":41,"column":12},"end":{"line":46,"column":14}},"14":{"start":{"line":48,"column":10},"end":{"line":48,"column":45}},"15":{"start":{"line":50,"column":22},"end":{"line":52,"column":11}},"16":{"start":{"line":53,"column":10},"end":{"line":53,"column":20}},"17":{"start":{"line":59,"column":17},"end":{"line":59,"column":35}},"18":{"start":{"line":60,"column":4},"end":{"line":70,"column":19}},"19":{"start":{"line":67,"column":8},"end":{"line":67,"column":30}},"20":{"start":{"line":68,"column":8},"end":{"line":68,"column":39}},"21":{"start":{"line":73,"column":15},"end":{"line":73,"column":29}},"22":{"start":{"line":74,"column":4},"end":{"line":94,"column":19}},"23":{"start":{"line":76,"column":8},"end":{"line":92,"column":9}},"24":{"start":{"line":77,"column":49},"end":{"line":77,"column":57}},"25":{"start":{"line":78,"column":31},"end":{"line":78,"column":48}},"26":{"start":{"line":79,"column":10},"end":{"line":79,"column":51}},"27":{"start":{"line":80,"column":36},"end":{"line":80,"column":77}},"28":{"start":{"line":81,"column":10},"end":{"line":87,"column":13}},"29":{"start":{"line":89,"column":10},"end":{"line":91,"column":13}},"30":{"start":{"line":98,"column":15},"end":{"line":98,"column":28}},"31":{"start":{"line":99,"column":27},"end":{"line":104,"column":5}},"32":{"start":{"line":105,"column":4},"end":{"line":122,"column":19}},"33":{"start":{"line":111,"column":8},"end":{"line":120,"column":9}},"34":{"start":{"line":112,"column":22},"end":{"line":114,"column":11}},"35":{"start":{"line":115,"column":10},"end":{"line":115,"column":20}},"36":{"start":{"line":117,"column":10},"end":{"line":119,"column":13}},"37":{"start":{"line":125,"column":15},"end":{"line":125,"column":29}},"38":{"start":{"line":126,"column":4},"end":{"line":161,"column":19}},"39":{"start":{"line":128,"column":8},"end":{"line":147,"column":9}},"40":{"start":{"line":129,"column":10},"end":{"line":141,"column":11}},"41":{"start":{"line":130,"column":12},"end":{"line":134,"column":15}},"42":{"start":{"line":136,"column":24},"end":{"line":139,"column":13}},"43":{"start":{"line":140,"column":12},"end":{"line":140,"column":22}},"44":{"start":{"line":143,"column":22},"end":{"line":145,"column":11}},"45":{"start":{"line":146,"column":10},"end":{"line":146,"column":20}},"46":{"start":{"line":150,"column":8},"end":{"line":159,"column":9}},"47":{"start":{"line":151,"column":22},"end":{"line":153,"column":11}},"48":{"start":{"line":154,"column":10},"end":{"line":154,"column":20}},"49":{"start":{"line":156,"column":10},"end":{"line":158,"column":13}},"50":{"start":{"line":165,"column":0},"end":{"line":165,"column":36}}},"fnMap":{"0":{"name":"(anonymous_0)","decl":{"start":{"line":8,"column":2},"end":{"line":8,"column":3}},"loc":{"start":{"line":8,"column":37},"end":{"line":30,"column":3}},"line":8},"1":{"name":"(anonymous_1)","decl":{"start":{"line":16,"column":12},"end":{"line":16,"column":13}},"loc":{"start":{"line":16,"column":24},"end":{"line":28,"column":7}},"line":16},"2":{"name":"(anonymous_2)","decl":{"start":{"line":31,"column":2},"end":{"line":31,"column":3}},"loc":{"start":{"line":31,"column":33},"end":{"line":57,"column":3}},"line":31},"3":{"name":"(anonymous_3)","decl":{"start":{"line":38,"column":12},"end":{"line":38,"column":13}},"loc":{"start":{"line":38,"column":25},"end":{"line":55,"column":7}},"line":38},"4":{"name":"(anonymous_4)","decl":{"start":{"line":40,"column":45},"end":{"line":40,"column":46}},"loc":{"start":{"line":40,"column":57},"end":{"line":47,"column":11}},"line":40},"5":{"name":"(anonymous_5)","decl":{"start":{"line":58,"column":2},"end":{"line":58,"column":3}},"loc":{"start":{"line":58,"column":36},"end":{"line":71,"column":3}},"line":58},"6":{"name":"(anonymous_6)","decl":{"start":{"line":66,"column":12},"end":{"line":66,"column":13}},"loc":{"start":{"line":66,"column":24},"end":{"line":69,"column":7}},"line":66},"7":{"name":"(anonymous_7)","decl":{"start":{"line":72,"column":2},"end":{"line":72,"column":3}},"loc":{"start":{"line":72,"column":34},"end":{"line":95,"column":3}},"line":72},"8":{"name":"(anonymous_8)","decl":{"start":{"line":75,"column":12},"end":{"line":75,"column":13}},"loc":{"start":{"line":75,"column":24},"end":{"line":93,"column":7}},"line":75},"9":{"name":"(anonymous_9)","decl":{"start":{"line":97,"column":2},"end":{"line":97,"column":3}},"loc":{"start":{"line":97,"column":32},"end":{"line":123,"column":3}},"line":97},"10":{"name":"(anonymous_10)","decl":{"start":{"line":110,"column":12},"end":{"line":110,"column":13}},"loc":{"start":{"line":110,"column":24},"end":{"line":121,"column":7}},"line":110},"11":{"name":"(anonymous_11)","decl":{"start":{"line":124,"column":2},"end":{"line":124,"column":3}},"loc":{"start":{"line":124,"column":32},"end":{"line":162,"column":3}},"line":124},"12":{"name":"(anonymous_12)","decl":{"start":{"line":127,"column":12},"end":{"line":127,"column":13}},"loc":{"start":{"line":127,"column":24},"end":{"line":148,"column":7}},"line":127},"13":{"name":"(anonymous_13)","decl":{"start":{"line":149,"column":12},"end":{"line":149,"column":13}},"loc":{"start":{"line":149,"column":24},"end":{"line":160,"column":7}},"line":149}},"branchMap":{"0":{"loc":{"start":{"line":39,"column":8},"end":{"line":54,"column":9}},"type":"if","locations":[{"start":{"line":39,"column":8},"end":{"line":54,"column":9}},{"start":{"line":39,"column":8},"end":{"line":54,"column":9}}],"line":39},"1":{"loc":{"start":{"line":76,"column":8},"end":{"line":92,"column":9}},"type":"if","locations":[{"start":{"line":76,"column":8},"end":{"line":92,"column":9}},{"start":{"line":76,"column":8},"end":{"line":92,"column":9}}],"line":76},"2":{"loc":{"start":{"line":111,"column":8},"end":{"line":120,"column":9}},"type":"if","locations":[{"start":{"line":111,"column":8},"end":{"line":120,"column":9}},{"start":{"line":111,"column":8},"end":{"line":120,"column":9}}],"line":111},"3":{"loc":{"start":{"line":128,"column":8},"end":{"line":147,"column":9}},"type":"if","locations":[{"start":{"line":128,"column":8},"end":{"line":147,"column":9}},{"start":{"line":128,"column":8},"end":{"line":147,"column":9}}],"line":128},"4":{"loc":{"start":{"line":129,"column":10},"end":{"line":141,"column":11}},"type":"if","locations":[{"start":{"line":129,"column":10},"end":{"line":141,"column":11}},{"start":{"line":129,"column":10},"end":{"line":141,"column":11}}],"line":129},"5":{"loc":{"start":{"line":150,"column":8},"end":{"line":159,"column":9}},"type":"if","locations":[{"start":{"line":150,"column":8},"end":{"line":159,"column":9}},{"start":{"line":150,"column":8},"end":{"line":159,"column":9}}],"line":150}},"s":{"0":1,"1":1,"2":1,"3":1,"4":1,"5":0,"6":0,"7":0,"8":0,"9":0,"10":0,"11":0,"12":0,"13":0,"14":0,"15":0,"16":0,"17":2,"18":2,"19":2,"20":2,"21":0,"22":0,"23":0,"24":0,"25":0,"26":0,"27":0,"28":0,"29":0,"30":0,"31":0,"32":0,"33":0,"34":0,"35":0,"36":0,"37":0,"38":0,"39":0,"40":0,"41":0,"42":0,"43":0,"44":0,"45":0,"46":0,"47":0,"48":0,"49":0,"50":1},"f":{"0":0,"1":0,"2":0,"3":0,"4":0,"5":2,"6":2,"7":0,"8":0,"9":0,"10":0,"11":0,"12":0,"13":0},"b":{"0":[0,0],"1":[0,0],"2":[0,0],"3":[0,0],"4":[0,0],"5":[0,0]},"_coverageSchema":"1a1c01bbd47fc00a2c39e90264f33305004495a9","hash":"bacf2ba626f864b36dd951200faf35aa03e777aa"}
,"/home/kiko/Hactiv8/Tugas/finalProject/passworder-server/controllers/userController.js": {"path":"/home/kiko/Hactiv8/Tugas/finalProject/passworder-server/controllers/userController.js","statementMap":{"0":{"start":{"line":1,"column":17},"end":{"line":1,"column":37}},"1":{"start":{"line":2,"column":24},"end":{"line":2,"column":49}},"2":{"start":{"line":3,"column":28},"end":{"line":3,"column":56}},"3":{"start":{"line":7,"column":20},"end":{"line":12,"column":5}},"4":{"start":{"line":13,"column":4},"end":{"line":30,"column":19}},"5":{"start":{"line":15,"column":24},"end":{"line":17,"column":9}},"6":{"start":{"line":18,"column":22},"end":{"line":18,"column":42}},"7":{"start":{"line":19,"column":8},"end":{"line":28,"column":11}},"8":{"start":{"line":33,"column":4},"end":{"line":71,"column":19}},"9":{"start":{"line":39,"column":8},"end":{"line":69,"column":9}},"10":{"start":{"line":40,"column":24},"end":{"line":40,"column":73}},"11":{"start":{"line":41,"column":10},"end":{"line":62,"column":11}},"12":{"start":{"line":42,"column":28},"end":{"line":44,"column":13}},"13":{"start":{"line":45,"column":26},"end":{"line":45,"column":46}},"14":{"start":{"line":46,"column":12},"end":{"line":55,"column":15}},"15":{"start":{"line":57,"column":26},"end":{"line":60,"column":13}},"16":{"start":{"line":61,"column":12},"end":{"line":61,"column":24}},"17":{"start":{"line":64,"column":24},"end":{"line":67,"column":11}},"18":{"start":{"line":68,"column":10},"end":{"line":68,"column":22}},"19":{"start":{"line":75,"column":0},"end":{"line":75,"column":32}}},"fnMap":{"0":{"name":"(anonymous_0)","decl":{"start":{"line":6,"column":2},"end":{"line":6,"column":3}},"loc":{"start":{"line":6,"column":34},"end":{"line":31,"column":3}},"line":6},"1":{"name":"(anonymous_1)","decl":{"start":{"line":14,"column":12},"end":{"line":14,"column":13}},"loc":{"start":{"line":14,"column":20},"end":{"line":29,"column":7}},"line":14},"2":{"name":"(anonymous_2)","decl":{"start":{"line":32,"column":2},"end":{"line":32,"column":3}},"loc":{"start":{"line":32,"column":31},"end":{"line":72,"column":3}},"line":32},"3":{"name":"(anonymous_3)","decl":{"start":{"line":38,"column":12},"end":{"line":38,"column":13}},"loc":{"start":{"line":38,"column":20},"end":{"line":70,"column":7}},"line":38}},"branchMap":{"0":{"loc":{"start":{"line":39,"column":8},"end":{"line":69,"column":9}},"type":"if","locations":[{"start":{"line":39,"column":8},"end":{"line":69,"column":9}},{"start":{"line":39,"column":8},"end":{"line":69,"column":9}}],"line":39},"1":{"loc":{"start":{"line":41,"column":10},"end":{"line":62,"column":11}},"type":"if","locations":[{"start":{"line":41,"column":10},"end":{"line":62,"column":11}},{"start":{"line":41,"column":10},"end":{"line":62,"column":11}}],"line":41}},"s":{"0":1,"1":1,"2":1,"3":0,"4":0,"5":0,"6":0,"7":0,"8":0,"9":0,"10":0,"11":0,"12":0,"13":0,"14":0,"15":0,"16":0,"17":0,"18":0,"19":1},"f":{"0":0,"1":0,"2":0,"3":0},"b":{"0":[0,0],"1":[0,0]},"_coverageSchema":"1a1c01bbd47fc00a2c39e90264f33305004495a9","hash":"240e85022ea4977fa74d59d0894ba45e67219957"}
,"/home/kiko/Hactiv8/Tugas/finalProject/passworder-server/helpers/bcrypt.js": {"path":"/home/kiko/Hactiv8/Tugas/finalProject/passworder-server/helpers/bcrypt.js","statementMap":{"0":{"start":{"line":1,"column":15},"end":{"line":1,"column":34}},"1":{"start":{"line":3,"column":0},"end":{"line":11,"column":2}},"2":{"start":{"line":5,"column":17},"end":{"line":5,"column":54}},"3":{"start":{"line":6,"column":4},"end":{"line":6,"column":40}},"4":{"start":{"line":9,"column":4},"end":{"line":9,"column":51}}},"fnMap":{"0":{"name":"(anonymous_0)","decl":{"start":{"line":4,"column":2},"end":{"line":4,"column":3}},"loc":{"start":{"line":4,"column":22},"end":{"line":7,"column":3}},"line":4},"1":{"name":"(anonymous_1)","decl":{"start":{"line":8,"column":2},"end":{"line":8,"column":3}},"loc":{"start":{"line":8,"column":39},"end":{"line":10,"column":3}},"line":8}},"branchMap":{},"s":{"0":1,"1":1,"2":6,"3":6,"4":0},"f":{"0":6,"1":0},"b":{},"_coverageSchema":"1a1c01bbd47fc00a2c39e90264f33305004495a9","hash":"1e4c4302c72a3be52a3dcbb6ef98187ba885551f"}
,"/home/kiko/Hactiv8/Tugas/finalProject/passworder-server/helpers/generateOtp.js": {"path":"/home/kiko/Hactiv8/Tugas/finalProject/passworder-server/helpers/generateOtp.js","statementMap":{"0":{"start":{"line":1,"column":0},"end":{"line":9,"column":1}},"1":{"start":{"line":2,"column":12},"end":{"line":2,"column":14}},"2":{"start":{"line":3,"column":17},"end":{"line":3,"column":29}},"3":{"start":{"line":4,"column":14},"end":{"line":4,"column":29}},"4":{"start":{"line":5,"column":2},"end":{"line":7,"column":3}},"5":{"start":{"line":5,"column":15},"end":{"line":5,"column":16}},"6":{"start":{"line":6,"column":4},"end":{"line":6,"column":51}},"7":{"start":{"line":8,"column":2},"end":{"line":8,"column":12}}},"fnMap":{"0":{"name":"(anonymous_0)","decl":{"start":{"line":1,"column":17},"end":{"line":1,"column":18}},"loc":{"start":{"line":1,"column":23},"end":{"line":9,"column":1}},"line":1}},"branchMap":{},"s":{"0":1,"1":0,"2":0,"3":0,"4":0,"5":0,"6":0,"7":0},"f":{"0":0},"b":{},"_coverageSchema":"1a1c01bbd47fc00a2c39e90264f33305004495a9","hash":"8ff1f0bc4d7044976daa08214abc5e6c37da74e8"}
,"/home/kiko/Hactiv8/Tugas/finalProject/passworder-server/helpers/getRandomSecret.js": {"path":"/home/kiko/Hactiv8/Tugas/finalProject/passworder-server/helpers/getRandomSecret.js","statementMap":{"0":{"start":{"line":1,"column":0},"end":{"line":9,"column":1}},"1":{"start":{"line":2,"column":21},"end":{"line":2,"column":23}},"2":{"start":{"line":3,"column":15},"end":{"line":3,"column":53}},"3":{"start":{"line":4,"column":14},"end":{"line":4,"column":25}},"4":{"start":{"line":5,"column":2},"end":{"line":7,"column":3}},"5":{"start":{"line":5,"column":15},"end":{"line":5,"column":16}},"6":{"start":{"line":6,"column":4},"end":{"line":6,"column":58}},"7":{"start":{"line":8,"column":2},"end":{"line":8,"column":21}}},"fnMap":{"0":{"name":"(anonymous_0)","decl":{"start":{"line":1,"column":17},"end":{"line":1,"column":18}},"loc":{"start":{"line":1,"column":23},"end":{"line":9,"column":1}},"line":1}},"branchMap":{},"s":{"0":1,"1":0,"2":0,"3":0,"4":0,"5":0,"6":0,"7":0},"f":{"0":0},"b":{},"_coverageSchema":"1a1c01bbd47fc00a2c39e90264f33305004495a9","hash":"28407781c522f17563733d0c89e08f81e9e27f34"}
,"/home/kiko/Hactiv8/Tugas/finalProject/passworder-server/helpers/jwt.js": {"path":"/home/kiko/Hactiv8/Tugas/finalProject/passworder-server/helpers/jwt.js","statementMap":{"0":{"start":{"line":1,"column":12},"end":{"line":1,"column":35}},"1":{"start":{"line":3,"column":0},"end":{"line":7,"column":2}},"2":{"start":{"line":5,"column":4},"end":{"line":5,"column":47}}},"fnMap":{"0":{"name":"(anonymous_0)","decl":{"start":{"line":4,"column":15},"end":{"line":4,"column":16}},"loc":{"start":{"line":4,"column":24},"end":{"line":6,"column":3}},"line":4}},"branchMap":{},"s":{"0":1,"1":1,"2":6},"f":{"0":6},"b":{},"_coverageSchema":"1a1c01bbd47fc00a2c39e90264f33305004495a9","hash":"9c4eeb65b7f15dc04ca907eb339bbed894d4a472"}
,"/home/kiko/Hactiv8/Tugas/finalProject/passworder-server/helpers/sms_otp.js": {"path":"/home/kiko/Hactiv8/Tugas/finalProject/passworder-server/helpers/sms_otp.js","statementMap":{"0":{"start":{"line":2,"column":12},"end":{"line":2,"column":30}},"1":{"start":{"line":4,"column":0},"end":{"line":8,"column":3}},"2":{"start":{"line":10,"column":0},"end":{"line":23,"column":1}},"3":{"start":{"line":12,"column":17},"end":{"line":15,"column":3}},"4":{"start":{"line":18,"column":29},"end":{"line":18,"column":94}},"5":{"start":{"line":21,"column":2},"end":{"line":21,"column":27}}},"fnMap":{"0":{"name":"(anonymous_0)","decl":{"start":{"line":10,"column":30},"end":{"line":10,"column":31}},"loc":{"start":{"line":10,"column":46},"end":{"line":23,"column":1}},"line":10}},"branchMap":{"0":{"loc":{"start":{"line":13,"column":31},"end":{"line":13,"column":51}},"type":"cond-expr","locations":[{"start":{"line":13,"column":37},"end":{"line":13,"column":40}},{"start":{"line":13,"column":43},"end":{"line":13,"column":51}}],"line":13},"1":{"loc":{"start":{"line":14,"column":17},"end":{"line":14,"column":49}},"type":"cond-expr","locations":[{"start":{"line":14,"column":25},"end":{"line":14,"column":30}},{"start":{"line":14,"column":33},"end":{"line":14,"column":49}}],"line":14}},"s":{"0":1,"1":1,"2":1,"3":0,"4":0,"5":0},"f":{"0":0},"b":{"0":[0,0],"1":[0,0]},"_coverageSchema":"1a1c01bbd47fc00a2c39e90264f33305004495a9","hash":"c57060ef749ec833d7d93f7686806ca0c314aa2d"}
,"/home/kiko/Hactiv8/Tugas/finalProject/passworder-server/middlewares/authentification.js": {"path":"/home/kiko/Hactiv8/Tugas/finalProject/passworder-server/middlewares/authentification.js","statementMap":{"0":{"start":{"line":1,"column":12},"end":{"line":1,"column":35}},"1":{"start":{"line":3,"column":0},"end":{"line":13,"column":2}},"2":{"start":{"line":5,"column":4},"end":{"line":11,"column":5}},"3":{"start":{"line":6,"column":22},"end":{"line":6,"column":71}},"4":{"start":{"line":7,"column":6},"end":{"line":7,"column":27}},"5":{"start":{"line":8,"column":6},"end":{"line":8,"column":13}},"6":{"start":{"line":10,"column":6},"end":{"line":10,"column":16}}},"fnMap":{"0":{"name":"(anonymous_0)","decl":{"start":{"line":4,"column":8},"end":{"line":4,"column":9}},"loc":{"start":{"line":4,"column":28},"end":{"line":12,"column":3}},"line":4}},"branchMap":{},"s":{"0":1,"1":1,"2":2,"3":2,"4":2,"5":2,"6":0},"f":{"0":2},"b":{},"_coverageSchema":"1a1c01bbd47fc00a2c39e90264f33305004495a9","hash":"d125d01e512780b6f2dc206317da0612a1107e80"}
,"/home/kiko/Hactiv8/Tugas/finalProject/passworder-server/middlewares/authorization.js": {"path":"/home/kiko/Hactiv8/Tugas/finalProject/passworder-server/middlewares/authorization.js","statementMap":{"0":{"start":{"line":1,"column":17},"end":{"line":1,"column":37}},"1":{"start":{"line":3,"column":0},"end":{"line":26,"column":2}},"2":{"start":{"line":5,"column":15},"end":{"line":5,"column":28}},"3":{"start":{"line":6,"column":4},"end":{"line":24,"column":9}},"4":{"start":{"line":8,"column":8},"end":{"line":16,"column":9}},"5":{"start":{"line":9,"column":10},"end":{"line":9,"column":17}},"6":{"start":{"line":11,"column":22},"end":{"line":14,"column":11}},"7":{"start":{"line":15,"column":10},"end":{"line":15,"column":20}},"8":{"start":{"line":19,"column":22},"end":{"line":22,"column":9}},"9":{"start":{"line":23,"column":8},"end":{"line":23,"column":20}}},"fnMap":{"0":{"name":"(anonymous_0)","decl":{"start":{"line":4,"column":2},"end":{"line":4,"column":3}},"loc":{"start":{"line":4,"column":24},"end":{"line":25,"column":3}},"line":4},"1":{"name":"(anonymous_1)","decl":{"start":{"line":7,"column":12},"end":{"line":7,"column":13}},"loc":{"start":{"line":7,"column":20},"end":{"line":17,"column":7}},"line":7},"2":{"name":"(anonymous_2)","decl":{"start":{"line":18,"column":13},"end":{"line":18,"column":14}},"loc":{"start":{"line":18,"column":20},"end":{"line":24,"column":7}},"line":18}},"branchMap":{"0":{"loc":{"start":{"line":8,"column":8},"end":{"line":16,"column":9}},"type":"if","locations":[{"start":{"line":8,"column":8},"end":{"line":16,"column":9}},{"start":{"line":8,"column":8},"end":{"line":16,"column":9}}],"line":8}},"s":{"0":1,"1":1,"2":2,"3":2,"4":2,"5":2,"6":0,"7":0,"8":0,"9":0},"f":{"0":2,"1":2,"2":0},"b":{"0":[2,0]},"_coverageSchema":"1a1c01bbd47fc00a2c39e90264f33305004495a9","hash":"d735145633d745d15391a98a87499085e754c63d"}
,"/home/kiko/Hactiv8/Tugas/finalProject/passworder-server/middlewares/errorHandler.js": {"path":"/home/kiko/Hactiv8/Tugas/finalProject/passworder-server/middlewares/errorHandler.js","statementMap":{"0":{"start":{"line":1,"column":0},"end":{"line":47,"column":2}},"1":{"start":{"line":2,"column":16},"end":{"line":2,"column":19}},"2":{"start":{"line":4,"column":2},"end":{"line":46,"column":3}},"3":{"start":{"line":5,"column":21},"end":{"line":5,"column":23}},"4":{"start":{"line":6,"column":4},"end":{"line":8,"column":5}},"5":{"start":{"line":6,"column":17},"end":{"line":6,"column":18}},"6":{"start":{"line":7,"column":6},"end":{"line":7,"column":45}},"7":{"start":{"line":9,"column":4},"end":{"line":11,"column":7}},"8":{"start":{"line":12,"column":9},"end":{"line":46,"column":3}},"9":{"start":{"line":13,"column":4},"end":{"line":15,"column":7}},"10":{"start":{"line":16,"column":9},"end":{"line":46,"column":3}},"11":{"start":{"line":17,"column":4},"end":{"line":20,"column":7}},"12":{"start":{"line":21,"column":9},"end":{"line":46,"column":3}},"13":{"start":{"line":22,"column":4},"end":{"line":24,"column":7}},"14":{"start":{"line":25,"column":9},"end":{"line":46,"column":3}},"15":{"start":{"line":26,"column":4},"end":{"line":28,"column":7}},"16":{"start":{"line":29,"column":9},"end":{"line":46,"column":3}},"17":{"start":{"line":30,"column":4},"end":{"line":32,"column":7}},"18":{"start":{"line":33,"column":9},"end":{"line":46,"column":3}},"19":{"start":{"line":34,"column":4},"end":{"line":36,"column":7}},"20":{"start":{"line":37,"column":9},"end":{"line":46,"column":3}},"21":{"start":{"line":38,"column":4},"end":{"line":40,"column":7}},"22":{"start":{"line":42,"column":4},"end":{"line":42,"column":21}},"23":{"start":{"line":43,"column":4},"end":{"line":45,"column":7}}},"fnMap":{"0":{"name":"(anonymous_0)","decl":{"start":{"line":1,"column":17},"end":{"line":1,"column":18}},"loc":{"start":{"line":1,"column":42},"end":{"line":47,"column":1}},"line":1}},"branchMap":{"0":{"loc":{"start":{"line":4,"column":2},"end":{"line":46,"column":3}},"type":"if","locations":[{"start":{"line":4,"column":2},"end":{"line":46,"column":3}},{"start":{"line":4,"column":2},"end":{"line":46,"column":3}}],"line":4},"1":{"loc":{"start":{"line":12,"column":9},"end":{"line":46,"column":3}},"type":"if","locations":[{"start":{"line":12,"column":9},"end":{"line":46,"column":3}},{"start":{"line":12,"column":9},"end":{"line":46,"column":3}}],"line":12},"2":{"loc":{"start":{"line":16,"column":9},"end":{"line":46,"column":3}},"type":"if","locations":[{"start":{"line":16,"column":9},"end":{"line":46,"column":3}},{"start":{"line":16,"column":9},"end":{"line":46,"column":3}}],"line":16},"3":{"loc":{"start":{"line":21,"column":9},"end":{"line":46,"column":3}},"type":"if","locations":[{"start":{"line":21,"column":9},"end":{"line":46,"column":3}},{"start":{"line":21,"column":9},"end":{"line":46,"column":3}}],"line":21},"4":{"loc":{"start":{"line":25,"column":9},"end":{"line":46,"column":3}},"type":"if","locations":[{"start":{"line":25,"column":9},"end":{"line":46,"column":3}},{"start":{"line":25,"column":9},"end":{"line":46,"column":3}}],"line":25},"5":{"loc":{"start":{"line":29,"column":9},"end":{"line":46,"column":3}},"type":"if","locations":[{"start":{"line":29,"column":9},"end":{"line":46,"column":3}},{"start":{"line":29,"column":9},"end":{"line":46,"column":3}}],"line":29},"6":{"loc":{"start":{"line":33,"column":9},"end":{"line":46,"column":3}},"type":"if","locations":[{"start":{"line":33,"column":9},"end":{"line":46,"column":3}},{"start":{"line":33,"column":9},"end":{"line":46,"column":3}}],"line":33},"7":{"loc":{"start":{"line":37,"column":9},"end":{"line":46,"column":3}},"type":"if","locations":[{"start":{"line":37,"column":9},"end":{"line":46,"column":3}},{"start":{"line":37,"column":9},"end":{"line":46,"column":3}}],"line":37}},"s":{"0":1,"1":0,"2":0,"3":0,"4":0,"5":0,"6":0,"7":0,"8":0,"9":0,"10":0,"11":0,"12":0,"13":0,"14":0,"15":0,"16":0,"17":0,"18":0,"19":0,"20":0,"21":0,"22":0,"23":0},"f":{"0":0},"b":{"0":[0,0],"1":[0,0],"2":[0,0],"3":[0,0],"4":[0,0],"5":[0,0],"6":[0,0],"7":[0,0]},"_coverageSchema":"1a1c01bbd47fc00a2c39e90264f33305004495a9","hash":"0dcfc72970131a73e20f660f1b46b8602494e4bf"}
,"/home/kiko/Hactiv8/Tugas/finalProject/passworder-server/models/index.js": {"path":"/home/kiko/Hactiv8/Tugas/finalProject/passworder-server/models/index.js","statementMap":{"0":{"start":{"line":3,"column":11},"end":{"line":3,"column":24}},"1":{"start":{"line":4,"column":13},"end":{"line":4,"column":28}},"2":{"start":{"line":5,"column":18},"end":{"line":5,"column":38}},"3":{"start":{"line":6,"column":17},"end":{"line":6,"column":42}},"4":{"start":{"line":7,"column":12},"end":{"line":7,"column":49}},"5":{"start":{"line":8,"column":15},"end":{"line":8,"column":65}},"6":{"start":{"line":9,"column":11},"end":{"line":9,"column":13}},"7":{"start":{"line":12,"column":0},"end":{"line":24,"column":1}},"8":{"start":{"line":13,"column":2},"end":{"line":16,"column":5}},"9":{"start":{"line":18,"column":2},"end":{"line":23,"column":4}},"10":{"start":{"line":26,"column":0},"end":{"line":35,"column":5}},"11":{"start":{"line":28,"column":4},"end":{"line":30,"column":6}},"12":{"start":{"line":33,"column":18},"end":{"line":33,"column":65}},"13":{"start":{"line":34,"column":4},"end":{"line":34,"column":27}},"14":{"start":{"line":37,"column":0},"end":{"line":41,"column":3}},"15":{"start":{"line":38,"column":2},"end":{"line":40,"column":3}},"16":{"start":{"line":39,"column":4},"end":{"line":39,"column":32}},"17":{"start":{"line":43,"column":0},"end":{"line":43,"column":25}},"18":{"start":{"line":44,"column":0},"end":{"line":44,"column":25}},"19":{"start":{"line":46,"column":0},"end":{"line":46,"column":20}}},"fnMap":{"0":{"name":"(anonymous_0)","decl":{"start":{"line":27,"column":10},"end":{"line":27,"column":11}},"loc":{"start":{"line":27,"column":18},"end":{"line":31,"column":3}},"line":27},"1":{"name":"(anonymous_1)","decl":{"start":{"line":32,"column":11},"end":{"line":32,"column":12}},"loc":{"start":{"line":32,"column":19},"end":{"line":35,"column":3}},"line":32},"2":{"name":"(anonymous_2)","decl":{"start":{"line":37,"column":24},"end":{"line":37,"column":25}},"loc":{"start":{"line":37,"column":37},"end":{"line":41,"column":1}},"line":37}},"branchMap":{"0":{"loc":{"start":{"line":7,"column":12},"end":{"line":7,"column":49}},"type":"binary-expr","locations":[{"start":{"line":7,"column":12},"end":{"line":7,"column":32}},{"start":{"line":7,"column":36},"end":{"line":7,"column":49}}],"line":7},"1":{"loc":{"start":{"line":12,"column":0},"end":{"line":24,"column":1}},"type":"if","locations":[{"start":{"line":12,"column":0},"end":{"line":24,"column":1}},{"start":{"line":12,"column":0},"end":{"line":24,"column":1}}],"line":12},"2":{"loc":{"start":{"line":29,"column":6},"end":{"line":29,"column":78}},"type":"binary-expr","locations":[{"start":{"line":29,"column":6},"end":{"line":29,"column":29}},{"start":{"line":29,"column":33},"end":{"line":29,"column":50}},{"start":{"line":29,"column":54},"end":{"line":29,"column":78}}],"line":29},"3":{"loc":{"start":{"line":38,"column":2},"end":{"line":40,"column":3}},"type":"if","locations":[{"start":{"line":38,"column":2},"end":{"line":40,"column":3}},{"start":{"line":38,"column":2},"end":{"line":40,"column":3}}],"line":38}},"s":{"0":1,"1":1,"2":1,"3":1,"4":1,"5":1,"6":1,"7":1,"8":0,"9":1,"10":1,"11":3,"12":2,"13":2,"14":1,"15":2,"16":2,"17":1,"18":1,"19":1},"f":{"0":3,"1":2,"2":2},"b":{"0":[1,0],"1":[0,1],"2":[3,3,2],"3":[2,0]},"_coverageSchema":"1a1c01bbd47fc00a2c39e90264f33305004495a9","hash":"21cb640ee55cc7916137aed4acddfaa5f5ad1cea"}
,"/home/kiko/Hactiv8/Tugas/finalProject/passworder-server/models/password.js": {"path":"/home/kiko/Hactiv8/Tugas/finalProject/passworder-server/models/password.js","statementMap":{"0":{"start":{"line":2,"column":0},"end":{"line":52,"column":2}},"1":{"start":{"line":4,"column":2},"end":{"line":46,"column":4}},"2":{"start":{"line":47,"column":2},"end":{"line":50,"column":4}},"3":{"start":{"line":49,"column":4},"end":{"line":49,"column":36}},"4":{"start":{"line":51,"column":2},"end":{"line":51,"column":18}}},"fnMap":{"0":{"name":"(anonymous_0)","decl":{"start":{"line":2,"column":17},"end":{"line":2,"column":18}},"loc":{"start":{"line":2,"column":43},"end":{"line":52,"column":1}},"line":2},"1":{"name":"(anonymous_1)","decl":{"start":{"line":47,"column":23},"end":{"line":47,"column":24}},"loc":{"start":{"line":47,"column":40},"end":{"line":50,"column":3}},"line":47}},"branchMap":{},"s":{"0":1,"1":1,"2":1,"3":1,"4":1},"f":{"0":1,"1":1},"b":{},"_coverageSchema":"1a1c01bbd47fc00a2c39e90264f33305004495a9","hash":"adfd9084670338deff9b16b4475da9db1a0e53c7"}
,"/home/kiko/Hactiv8/Tugas/finalProject/passworder-server/models/user.js": {"path":"/home/kiko/Hactiv8/Tugas/finalProject/passworder-server/models/user.js","statementMap":{"0":{"start":{"line":2,"column":25},"end":{"line":2,"column":53}},"1":{"start":{"line":3,"column":0},"end":{"line":104,"column":2}},"2":{"start":{"line":5,"column":2},"end":{"line":98,"column":4}},"3":{"start":{"line":19,"column":12},"end":{"line":31,"column":27}},"4":{"start":{"line":25,"column":16},"end":{"line":29,"column":17}},"5":{"start":{"line":26,"column":18},"end":{"line":26,"column":51}},"6":{"start":{"line":28,"column":18},"end":{"line":28,"column":25}},"7":{"start":{"line":47,"column":12},"end":{"line":59,"column":27}},"8":{"start":{"line":53,"column":16},"end":{"line":57,"column":17}},"9":{"start":{"line":54,"column":18},"end":{"line":54,"column":48}},"10":{"start":{"line":56,"column":18},"end":{"line":56,"column":25}},"11":{"start":{"line":94,"column":10},"end":{"line":94,"column":54}},"12":{"start":{"line":99,"column":2},"end":{"line":102,"column":4}},"13":{"start":{"line":101,"column":4},"end":{"line":101,"column":34}},"14":{"start":{"line":103,"column":2},"end":{"line":103,"column":14}}},"fnMap":{"0":{"name":"(anonymous_0)","decl":{"start":{"line":3,"column":17},"end":{"line":3,"column":18}},"loc":{"start":{"line":3,"column":43},"end":{"line":104,"column":1}},"line":3},"1":{"name":"(anonymous_1)","decl":{"start":{"line":18,"column":20},"end":{"line":18,"column":21}},"loc":{"start":{"line":18,"column":37},"end":{"line":32,"column":11}},"line":18},"2":{"name":"(anonymous_2)","decl":{"start":{"line":24,"column":20},"end":{"line":24,"column":21}},"loc":{"start":{"line":24,"column":32},"end":{"line":30,"column":15}},"line":24},"3":{"name":"(anonymous_3)","decl":{"start":{"line":46,"column":20},"end":{"line":46,"column":21}},"loc":{"start":{"line":46,"column":37},"end":{"line":60,"column":11}},"line":46},"4":{"name":"(anonymous_4)","decl":{"start":{"line":52,"column":20},"end":{"line":52,"column":21}},"loc":{"start":{"line":52,"column":32},"end":{"line":58,"column":15}},"line":52},"5":{"name":"(anonymous_5)","decl":{"start":{"line":93,"column":22},"end":{"line":93,"column":23}},"loc":{"start":{"line":93,"column":41},"end":{"line":95,"column":9}},"line":93},"6":{"name":"(anonymous_6)","decl":{"start":{"line":99,"column":19},"end":{"line":99,"column":20}},"loc":{"start":{"line":99,"column":36},"end":{"line":102,"column":3}},"line":99}},"branchMap":{"0":{"loc":{"start":{"line":25,"column":16},"end":{"line":29,"column":17}},"type":"if","locations":[{"start":{"line":25,"column":16},"end":{"line":29,"column":17}},{"start":{"line":25,"column":16},"end":{"line":29,"column":17}}],"line":25},"1":{"loc":{"start":{"line":53,"column":16},"end":{"line":57,"column":17}},"type":"if","locations":[{"start":{"line":53,"column":16},"end":{"line":57,"column":17}},{"start":{"line":53,"column":16},"end":{"line":57,"column":17}}],"line":53}},"s":{"0":1,"1":1,"2":1,"3":6,"4":6,"5":0,"6":6,"7":6,"8":6,"9":0,"10":6,"11":6,"12":1,"13":1,"14":1},"f":{"0":1,"1":6,"2":6,"3":6,"4":6,"5":6,"6":1},"b":{"0":[0,6],"1":[0,6]},"_coverageSchema":"1a1c01bbd47fc00a2c39e90264f33305004495a9","hash":"0416f373fde829b8fde3e4bbda43709d8ac2aadb"}
,"/home/kiko/Hactiv8/Tugas/finalProject/passworder-server/routes/index.js": {"path":"/home/kiko/Hactiv8/Tugas/finalProject/passworder-server/routes/index.js","statementMap":{"0":{"start":{"line":1,"column":15},"end":{"line":1,"column":42}},"1":{"start":{"line":2,"column":19},"end":{"line":2,"column":42}},"2":{"start":{"line":3,"column":23},"end":{"line":3,"column":50}},"3":{"start":{"line":4,"column":18},"end":{"line":4,"column":40}},"4":{"start":{"line":5,"column":17},"end":{"line":5,"column":59}},"5":{"start":{"line":6,"column":21},"end":{"line":6,"column":59}},"6":{"start":{"line":8,"column":0},"end":{"line":8,"column":32}},"7":{"start":{"line":9,"column":0},"end":{"line":9,"column":17}},"8":{"start":{"line":10,"column":0},"end":{"line":10,"column":41}},"9":{"start":{"line":11,"column":0},"end":{"line":11,"column":30}},"10":{"start":{"line":12,"column":0},"end":{"line":12,"column":25}},"11":{"start":{"line":14,"column":0},"end":{"line":14,"column":24}}},"fnMap":{},"branchMap":{},"s":{"0":1,"1":1,"2":1,"3":1,"4":1,"5":1,"6":1,"7":1,"8":1,"9":1,"10":1,"11":1},"f":{},"b":{},"_coverageSchema":"1a1c01bbd47fc00a2c39e90264f33305004495a9","hash":"709355f20fe8f22e9f40db86d46725360a66a3a2"}
,"/home/kiko/Hactiv8/Tugas/finalProject/passworder-server/routes/otpRouter.js": {"path":"/home/kiko/Hactiv8/Tugas/finalProject/passworder-server/routes/otpRouter.js","statementMap":{"0":{"start":{"line":1,"column":15},"end":{"line":1,"column":42}},"1":{"start":{"line":2,"column":22},"end":{"line":2,"column":61}},"2":{"start":{"line":4,"column":0},"end":{"line":4,"column":45}},"3":{"start":{"line":5,"column":0},"end":{"line":5,"column":43}},"4":{"start":{"line":7,"column":0},"end":{"line":7,"column":24}}},"fnMap":{},"branchMap":{},"s":{"0":1,"1":1,"2":1,"3":1,"4":1},"f":{},"b":{},"_coverageSchema":"1a1c01bbd47fc00a2c39e90264f33305004495a9","hash":"6eb825cb91eed7ea15d0e09b3f65f14b799be605"}
,"/home/kiko/Hactiv8/Tugas/finalProject/passworder-server/routes/passwordRouter.js": {"path":"/home/kiko/Hactiv8/Tugas/finalProject/passworder-server/routes/passwordRouter.js","statementMap":{"0":{"start":{"line":1,"column":15},"end":{"line":1,"column":42}},"1":{"start":{"line":2,"column":27},"end":{"line":2,"column":71}},"2":{"start":{"line":3,"column":18},"end":{"line":3,"column":57}},"3":{"start":{"line":5,"column":0},"end":{"line":5,"column":49}},"4":{"start":{"line":6,"column":0},"end":{"line":6,"column":44}},"5":{"start":{"line":7,"column":0},"end":{"line":7,"column":18}},"6":{"start":{"line":8,"column":0},"end":{"line":8,"column":60}},"7":{"start":{"line":9,"column":0},"end":{"line":9,"column":48}},"8":{"start":{"line":10,"column":0},"end":{"line":10,"column":46}},"9":{"start":{"line":11,"column":0},"end":{"line":11,"column":49}},"10":{"start":{"line":13,"column":0},"end":{"line":13,"column":24}}},"fnMap":{},"branchMap":{},"s":{"0":1,"1":1,"2":1,"3":1,"4":1,"5":1,"6":1,"7":1,"8":1,"9":1,"10":1},"f":{},"b":{},"_coverageSchema":"1a1c01bbd47fc00a2c39e90264f33305004495a9","hash":"ec9f4e6b293f10e9883ea853db33737a745f92f9"}
,"/home/kiko/Hactiv8/Tugas/finalProject/passworder-server/routes/userRouter.js": {"path":"/home/kiko/Hactiv8/Tugas/finalProject/passworder-server/routes/userRouter.js","statementMap":{"0":{"start":{"line":1,"column":15},"end":{"line":1,"column":42}},"1":{"start":{"line":2,"column":23},"end":{"line":2,"column":63}},"2":{"start":{"line":4,"column":0},"end":{"line":4,"column":50}},"3":{"start":{"line":5,"column":0},"end":{"line":5,"column":44}},"4":{"start":{"line":7,"column":0},"end":{"line":7,"column":24}}},"fnMap":{},"branchMap":{},"s":{"0":1,"1":1,"2":1,"3":1,"4":1},"f":{},"b":{},"_coverageSchema":"1a1c01bbd47fc00a2c39e90264f33305004495a9","hash":"1cca4946bd4081df224f22b2e7c825af1f4621da"}
}
