TN:
SF:app.js
FNF:0
FNH:0
DA:1,2
DA:2,2
DA:3,2
DA:4,2
DA:5,2
DA:6,2
DA:8,2
DA:9,2
DA:10,2
DA:12,2
DA:14,2
LF:11
LH:11
BRDA:1,0,0,2
BRDA:1,0,1,0
BRDA:1,1,0,2
BRDA:1,1,1,2
BRF:4
BRH:3
end_of_record
TN:
SF:controllers/otpController.js
FN:8,(anonymous_0)
FN:17,(anonymous_1)
FN:30,(anonymous_2)
FNF:3
FNH:0
FNDA:0,(anonymous_0)
FNDA:0,(anonymous_1)
FNDA:0,(anonymous_2)
DA:1,2
DA:2,2
DA:3,2
DA:4,2
DA:5,2
DA:9,0
DA:10,0
DA:11,0
DA:12,0
DA:13,0
DA:14,0
DA:15,0
DA:16,0
DA:17,0
DA:18,0
DA:19,0
DA:21,0
DA:26,0
DA:31,0
DA:32,0
DA:33,0
DA:34,0
DA:35,0
DA:40,0
DA:44,0
DA:47,0
DA:52,2
LF:27
LH:6
BRDA:33,0,0,0
BRDA:33,0,1,0
BRF:2
BRH:0
end_of_record
TN:
SF:controllers/passwordController.js
FN:8,(anonymous_0)
FN:16,(anonymous_1)
FN:31,(anonymous_2)
FN:38,(anonymous_3)
FN:40,(anonymous_4)
FN:59,(anonymous_5)
FN:62,(anonymous_6)
FN:84,(anonymous_7)
FN:97,(anonymous_8)
FN:111,(anonymous_9)
FN:114,(anonymous_10)
FN:136,(anonymous_11)
FNF:12
FNH:12
FNDA:6,(anonymous_0)
FNDA:1,(anonymous_1)
FNDA:2,(anonymous_2)
FNDA:2,(anonymous_3)
FNDA:1,(anonymous_4)
FNDA:2,(anonymous_5)
FNDA:2,(anonymous_6)
FNDA:7,(anonymous_7)
FNDA:2,(anonymous_8)
FNDA:2,(anonymous_9)
FNDA:2,(anonymous_10)
FNDA:1,(anonymous_11)
DA:1,2
DA:2,2
DA:3,2
DA:4,2
DA:5,2
DA:9,6
DA:15,6
DA:17,1
DA:27,1
DA:32,2
DA:33,2
DA:39,2
DA:40,1
DA:41,1
DA:48,1
DA:50,1
DA:53,1
DA:60,2
DA:61,2
DA:63,2
DA:64,1
DA:65,1
DA:66,1
DA:67,1
DA:68,1
DA:76,1
DA:85,7
DA:86,7
DA:92,7
DA:98,2
DA:99,1
DA:102,1
DA:104,1
DA:112,2
DA:113,2
DA:115,2
DA:116,1
DA:117,1
DA:123,0
DA:127,0
DA:130,1
DA:133,1
DA:137,1
DA:138,0
DA:141,0
DA:143,1
DA:152,2
LF:47
LH:43
BRDA:39,0,0,1
BRDA:39,0,1,1
BRDA:63,1,0,1
BRDA:63,1,1,1
BRDA:98,2,0,1
BRDA:98,2,1,1
BRDA:115,3,0,1
BRDA:115,3,1,1
BRDA:116,4,0,1
BRDA:116,4,1,0
BRDA:137,5,0,0
BRDA:137,5,1,1
BRF:12
BRH:10
end_of_record
TN:
SF:controllers/userController.js
FN:6,(anonymous_0)
FN:14,(anonymous_1)
FN:32,(anonymous_2)
FN:38,(anonymous_3)
FNF:4
FNH:4
FNDA:10,(anonymous_0)
FNDA:1,(anonymous_1)
FNDA:2,(anonymous_2)
FNDA:2,(anonymous_3)
DA:1,2
DA:2,2
DA:3,2
DA:7,10
DA:13,10
DA:15,1
DA:18,1
DA:19,1
DA:33,2
DA:39,2
DA:40,1
DA:41,1
DA:42,1
DA:45,1
DA:46,1
DA:57,0
DA:61,0
DA:64,1
DA:68,1
DA:75,2
LF:20
LH:18
BRDA:39,0,0,1
BRDA:39,0,1,1
BRDA:41,1,0,1
BRDA:41,1,1,0
BRF:4
BRH:3
end_of_record
TN:
SF:helpers/bcrypt.js
FN:4,(anonymous_0)
FN:8,(anonymous_1)
FNF:2
FNH:2
FNDA:21,(anonymous_0)
FNDA:1,(anonymous_1)
DA:1,2
DA:3,2
DA:5,21
DA:6,21
DA:9,1
LF:5
LH:5
BRF:0
BRH:0
end_of_record
TN:
SF:helpers/generateOtp.js
FN:1,(anonymous_0)
FNF:1
FNH:0
FNDA:0,(anonymous_0)
DA:1,2
DA:2,0
DA:3,0
DA:4,0
DA:5,0
DA:6,0
DA:8,0
LF:7
LH:1
BRF:0
BRH:0
end_of_record
TN:
SF:helpers/getRandomSecret.js
FN:1,(anonymous_0)
FNF:1
FNH:1
FNDA:1,(anonymous_0)
DA:1,2
DA:2,1
DA:3,1
DA:4,1
DA:5,1
DA:6,6
DA:8,1
LF:7
LH:7
BRF:0
BRH:0
end_of_record
TN:
SF:helpers/jwt.js
FN:4,(anonymous_0)
FNF:1
FNH:1
FNDA:10,(anonymous_0)
DA:1,2
DA:3,2
DA:5,10
LF:3
LH:3
BRF:0
BRH:0
end_of_record
TN:
SF:helpers/sms_otp.js
FN:10,(anonymous_0)
FNF:1
FNH:0
FNDA:0,(anonymous_0)
DA:2,2
DA:4,2
DA:10,2
DA:12,0
DA:18,0
DA:21,0
LF:6
LH:3
BRDA:13,0,0,0
BRDA:13,0,1,0
BRDA:14,1,0,0
BRDA:14,1,1,0
BRF:4
BRH:0
end_of_record
TN:
SF:middlewares/authentification.js
FN:4,(anonymous_0)
FNF:1
FNH:1
FNDA:26,(anonymous_0)
DA:1,2
DA:3,2
DA:5,26
DA:6,26
DA:7,22
DA:8,22
DA:10,4
LF:7
LH:7
BRF:0
BRH:0
end_of_record
TN:
SF:middlewares/authorization.js
FN:4,(anonymous_0)
FN:7,(anonymous_1)
FN:18,(anonymous_2)
FNF:3
FNH:2
FNDA:14,(anonymous_0)
FNDA:14,(anonymous_1)
FNDA:0,(anonymous_2)
DA:1,2
DA:3,2
DA:5,14
DA:6,14
DA:8,14
DA:9,11
DA:11,3
DA:15,3
DA:19,0
DA:23,0
LF:10
LH:8
BRDA:8,0,0,11
BRDA:8,0,1,3
BRF:2
BRH:2
end_of_record
TN:
SF:middlewares/errorHandler.js
FN:1,(anonymous_0)
FNF:1
FNH:1
FNDA:31,(anonymous_0)
DA:1,2
DA:2,31
DA:4,31
DA:5,19
DA:6,19
DA:7,27
DA:9,19
DA:12,12
DA:13,0
DA:16,12
DA:17,1
DA:21,11
DA:22,4
DA:25,7
DA:26,3
DA:29,4
DA:30,0
DA:33,4
DA:34,4
DA:37,0
DA:38,0
DA:42,0
DA:43,0
LF:23
LH:17
BRDA:4,0,0,19
BRDA:4,0,1,12
BRDA:12,1,0,0
BRDA:12,1,1,12
BRDA:16,2,0,1
BRDA:16,2,1,11
BRDA:21,3,0,4
BRDA:21,3,1,7
BRDA:25,4,0,3
BRDA:25,4,1,4
BRDA:29,5,0,0
BRDA:29,5,1,4
BRDA:33,6,0,4
BRDA:33,6,1,0
BRDA:37,7,0,0
BRDA:37,7,1,0
BRF:16
BRH:11
end_of_record
TN:
SF:models/index.js
FN:27,(anonymous_0)
FN:32,(anonymous_1)
FN:37,(anonymous_2)
FNF:3
FNH:3
FNDA:6,(anonymous_0)
FNDA:4,(anonymous_1)
FNDA:4,(anonymous_2)
DA:3,2
DA:4,2
DA:5,2
DA:6,2
DA:7,2
DA:8,2
DA:9,2
DA:12,2
DA:13,0
DA:18,2
DA:26,2
DA:28,6
DA:33,4
DA:34,4
DA:37,2
DA:38,4
DA:39,4
DA:43,2
DA:44,2
DA:46,2
LF:20
LH:19
BRDA:7,0,0,2
BRDA:7,0,1,0
BRDA:12,1,0,0
BRDA:12,1,1,2
BRDA:29,2,0,6
BRDA:29,2,1,6
BRDA:29,2,2,4
BRDA:38,3,0,4
BRDA:38,3,1,0
BRF:9
BRH:6
end_of_record
TN:
SF:models/password.js
FN:2,(anonymous_0)
FN:47,(anonymous_1)
FNF:2
FNH:2
FNDA:2,(anonymous_0)
FNDA:2,(anonymous_1)
DA:2,2
DA:4,2
DA:47,2
DA:49,2
DA:51,2
LF:5
LH:5
BRF:0
BRH:0
end_of_record
TN:
SF:models/user.js
FN:3,(anonymous_0)
FN:18,(anonymous_1)
FN:24,(anonymous_2)
FN:46,(anonymous_3)
FN:52,(anonymous_4)
FN:93,(anonymous_5)
FN:99,(anonymous_6)
FNF:7
FNH:7
FNDA:2,(anonymous_0)
FNDA:30,(anonymous_1)
FNDA:30,(anonymous_2)
FNDA:30,(anonymous_3)
FNDA:30,(anonymous_4)
FNDA:21,(anonymous_5)
FNDA:2,(anonymous_6)
DA:2,2
DA:3,2
DA:5,2
DA:19,30
DA:25,30
DA:26,0
DA:28,30
DA:47,30
DA:53,30
DA:54,1
DA:56,29
DA:94,21
DA:99,2
DA:101,2
DA:103,2
LF:15
LH:14
BRDA:25,0,0,0
BRDA:25,0,1,30
BRDA:53,1,0,1
BRDA:53,1,1,29
BRF:4
BRH:3
end_of_record
TN:
SF:routes/index.js
FNF:0
FNH:0
DA:1,2
DA:2,2
DA:3,2
DA:4,2
DA:5,2
DA:6,2
DA:8,2
DA:9,2
DA:10,2
DA:11,2
DA:12,2
DA:14,2
LF:12
LH:12
BRF:0
BRH:0
end_of_record
TN:
SF:routes/otpRouter.js
FNF:0
FNH:0
DA:1,2
DA:2,2
DA:4,2
DA:5,2
DA:7,2
LF:5
LH:5
BRF:0
BRH:0
end_of_record
TN:
SF:routes/passwordRouter.js
FNF:0
FNH:0
DA:1,2
DA:2,2
DA:3,2
DA:5,2
DA:6,2
DA:7,2
DA:8,2
DA:9,2
DA:10,2
DA:12,2
LF:10
LH:10
BRF:0
BRH:0
end_of_record
TN:
SF:routes/userRouter.js
FNF:0
FNH:0
DA:1,2
DA:2,2
DA:4,2
DA:5,2
DA:7,2
LF:5
LH:5
BRF:0
BRH:0
end_of_record
